{"C:\\Users\\Natz\\Downloads\\sc\\natzApi\\files\\queue\\src\\adapters\\FileAdapter.ts": {"path":"C:\\Users\\Natz\\Downloads\\sc\\natzApi\\files\\queue\\src\\adapters\\FileAdapter.ts","all":false,"statementMap":{"0":{"start":{"line":1,"column":0},"end":{"line":1,"column":25}},"20":{"start":{"line":21,"column":0},"end":{"line":21,"column":53}},"21":{"start":{"line":22,"column":0},"end":{"line":22,"column":38}},"22":{"start":{"line":23,"column":0},"end":{"line":23,"column":44}},"24":{"start":{"line":25,"column":0},"end":{"line":25,"column":51}},"25":{"start":{"line":26,"column":0},"end":{"line":26,"column":33}},"26":{"start":{"line":27,"column":0},"end":{"line":27,"column":5}},"31":{"start":{"line":32,"column":0},"end":{"line":32,"column":39}},"32":{"start":{"line":33,"column":0},"end":{"line":33,"column":13}},"33":{"start":{"line":34,"column":0},"end":{"line":34,"column":47}},"34":{"start":{"line":35,"column":0},"end":{"line":35,"column":67}},"35":{"start":{"line":36,"column":0},"end":{"line":36,"column":58}},"36":{"start":{"line":37,"column":0},"end":{"line":37,"column":20}},"37":{"start":{"line":38,"column":0},"end":{"line":38,"column":42}},"38":{"start":{"line":39,"column":0},"end":{"line":39,"column":35}},"39":{"start":{"line":40,"column":0},"end":{"line":40,"column":13}},"40":{"start":{"line":41,"column":0},"end":{"line":41,"column":23}},"41":{"start":{"line":42,"column":0},"end":{"line":42,"column":99}},"42":{"start":{"line":43,"column":0},"end":{"line":43,"column":9}},"43":{"start":{"line":44,"column":0},"end":{"line":44,"column":5}},"45":{"start":{"line":46,"column":0},"end":{"line":46,"column":66}},"46":{"start":{"line":47,"column":0},"end":{"line":47,"column":57}},"47":{"start":{"line":48,"column":0},"end":{"line":48,"column":27}},"48":{"start":{"line":49,"column":0},"end":{"line":49,"column":5}},"50":{"start":{"line":51,"column":0},"end":{"line":51,"column":63}},"51":{"start":{"line":52,"column":0},"end":{"line":52,"column":31}},"52":{"start":{"line":53,"column":0},"end":{"line":53,"column":52}},"53":{"start":{"line":54,"column":0},"end":{"line":54,"column":95}},"54":{"start":{"line":55,"column":0},"end":{"line":55,"column":29}},"55":{"start":{"line":56,"column":0},"end":{"line":56,"column":78}},"56":{"start":{"line":57,"column":0},"end":{"line":57,"column":66}},"57":{"start":{"line":58,"column":0},"end":{"line":58,"column":49}},"58":{"start":{"line":59,"column":0},"end":{"line":59,"column":15}},"60":{"start":{"line":61,"column":0},"end":{"line":61,"column":44}},"61":{"start":{"line":62,"column":0},"end":{"line":62,"column":30}},"62":{"start":{"line":63,"column":0},"end":{"line":63,"column":39}},"63":{"start":{"line":64,"column":0},"end":{"line":64,"column":27}},"64":{"start":{"line":65,"column":0},"end":{"line":65,"column":29}},"65":{"start":{"line":66,"column":0},"end":{"line":66,"column":5}},"67":{"start":{"line":68,"column":0},"end":{"line":68,"column":64}},"68":{"start":{"line":69,"column":0},"end":{"line":69,"column":31}},"69":{"start":{"line":70,"column":0},"end":{"line":70,"column":52}},"70":{"start":{"line":71,"column":0},"end":{"line":71,"column":95}},"71":{"start":{"line":72,"column":0},"end":{"line":72,"column":53}},"72":{"start":{"line":73,"column":0},"end":{"line":73,"column":63}},"73":{"start":{"line":74,"column":0},"end":{"line":74,"column":5}},"75":{"start":{"line":76,"column":0},"end":{"line":76,"column":73}},"76":{"start":{"line":77,"column":0},"end":{"line":77,"column":55}},"77":{"start":{"line":78,"column":0},"end":{"line":78,"column":5}},"79":{"start":{"line":80,"column":0},"end":{"line":80,"column":68}},"80":{"start":{"line":81,"column":0},"end":{"line":81,"column":57}},"81":{"start":{"line":82,"column":0},"end":{"line":82,"column":27}},"82":{"start":{"line":83,"column":0},"end":{"line":83,"column":5}},"84":{"start":{"line":85,"column":0},"end":{"line":85,"column":45}},"85":{"start":{"line":86,"column":0},"end":{"line":86,"column":35}},"86":{"start":{"line":87,"column":0},"end":{"line":87,"column":27}},"87":{"start":{"line":88,"column":0},"end":{"line":88,"column":5}},"89":{"start":{"line":90,"column":0},"end":{"line":90,"column":35}},"90":{"start":{"line":91,"column":0},"end":{"line":91,"column":31}},"91":{"start":{"line":92,"column":0},"end":{"line":92,"column":53}},"92":{"start":{"line":93,"column":0},"end":{"line":93,"column":87}},"93":{"start":{"line":94,"column":0},"end":{"line":94,"column":17}},"94":{"start":{"line":95,"column":0},"end":{"line":95,"column":5}},"96":{"start":{"line":97,"column":0},"end":{"line":97,"column":61}},"97":{"start":{"line":98,"column":0},"end":{"line":98,"column":58}},"98":{"start":{"line":99,"column":0},"end":{"line":99,"column":5}},"100":{"start":{"line":101,"column":0},"end":{"line":101,"column":34}},"101":{"start":{"line":102,"column":0},"end":{"line":102,"column":34}},"102":{"start":{"line":103,"column":0},"end":{"line":103,"column":27}},"103":{"start":{"line":104,"column":0},"end":{"line":104,"column":5}},"105":{"start":{"line":106,"column":0},"end":{"line":106,"column":34}},"106":{"start":{"line":107,"column":0},"end":{"line":107,"column":27}},"107":{"start":{"line":108,"column":0},"end":{"line":108,"column":5}},"109":{"start":{"line":110,"column":0},"end":{"line":110,"column":42}},"110":{"start":{"line":111,"column":0},"end":{"line":111,"column":13}},"111":{"start":{"line":112,"column":0},"end":{"line":112,"column":52}},"112":{"start":{"line":113,"column":0},"end":{"line":113,"column":76}},"113":{"start":{"line":114,"column":0},"end":{"line":114,"column":47}},"114":{"start":{"line":115,"column":0},"end":{"line":115,"column":79}},"115":{"start":{"line":116,"column":0},"end":{"line":116,"column":46}},"116":{"start":{"line":117,"column":0},"end":{"line":117,"column":23}},"117":{"start":{"line":118,"column":0},"end":{"line":118,"column":92}},"118":{"start":{"line":119,"column":0},"end":{"line":119,"column":9}},"119":{"start":{"line":120,"column":0},"end":{"line":120,"column":5}},"120":{"start":{"line":121,"column":0},"end":{"line":121,"column":1}}},"s":{"0":1,"20":1,"21":8,"22":8,"24":8,"25":8,"26":8,"31":8,"32":8,"33":8,"34":1,"35":1,"36":8,"37":7,"38":7,"39":7,"40":8,"41":0,"42":0,"43":8,"45":8,"46":9,"47":9,"48":9,"50":8,"51":4,"52":4,"53":4,"54":4,"55":1,"56":0,"57":0,"58":4,"60":4,"61":3,"62":3,"63":3,"64":3,"65":4,"67":8,"68":1,"69":1,"70":1,"71":1,"72":1,"73":1,"75":8,"76":2,"77":2,"79":8,"80":1,"81":1,"82":1,"84":8,"85":1,"86":1,"87":1,"89":8,"90":4,"91":4,"92":4,"93":4,"94":4,"96":8,"97":1,"98":1,"100":8,"101":1,"102":1,"103":1,"105":8,"106":0,"107":0,"109":8,"110":22,"111":22,"112":22,"113":22,"114":22,"115":22,"116":22,"117":0,"118":0,"119":22,"120":8},"branchMap":{"0":{"type":"branch","line":21,"loc":{"start":{"line":21,"column":52},"end":{"line":121,"column":1}},"locations":[{"start":{"line":21,"column":52},"end":{"line":121,"column":1}}]},"1":{"type":"branch","line":25,"loc":{"start":{"line":25,"column":4},"end":{"line":27,"column":5}},"locations":[{"start":{"line":25,"column":4},"end":{"line":27,"column":5}}]},"2":{"type":"branch","line":32,"loc":{"start":{"line":32,"column":4},"end":{"line":44,"column":5}},"locations":[{"start":{"line":32,"column":4},"end":{"line":44,"column":5}}]},"3":{"type":"branch","line":34,"loc":{"start":{"line":34,"column":46},"end":{"line":37,"column":19}},"locations":[{"start":{"line":34,"column":46},"end":{"line":37,"column":19}}]},"4":{"type":"branch","line":37,"loc":{"start":{"line":37,"column":12},"end":{"line":40,"column":13}},"locations":[{"start":{"line":37,"column":12},"end":{"line":40,"column":13}}]},"5":{"type":"branch","line":41,"loc":{"start":{"line":41,"column":8},"end":{"line":43,"column":9}},"locations":[{"start":{"line":41,"column":8},"end":{"line":43,"column":9}}]},"6":{"type":"branch","line":46,"loc":{"start":{"line":46,"column":4},"end":{"line":49,"column":5}},"locations":[{"start":{"line":46,"column":4},"end":{"line":49,"column":5}}]},"7":{"type":"branch","line":51,"loc":{"start":{"line":51,"column":4},"end":{"line":66,"column":5}},"locations":[{"start":{"line":51,"column":4},"end":{"line":66,"column":5}}]},"8":{"type":"branch","line":61,"loc":{"start":{"line":61,"column":32},"end":{"line":61,"column":44}},"locations":[{"start":{"line":61,"column":32},"end":{"line":61,"column":44}}]},"9":{"type":"branch","line":61,"loc":{"start":{"line":61,"column":39},"end":{"line":65,"column":29}},"locations":[{"start":{"line":61,"column":39},"end":{"line":65,"column":29}}]},"10":{"type":"branch","line":54,"loc":{"start":{"line":54,"column":20},"end":{"line":54,"column":94}},"locations":[{"start":{"line":54,"column":20},"end":{"line":54,"column":94}}]},"11":{"type":"branch","line":54,"loc":{"start":{"line":54,"column":40},"end":{"line":54,"column":80}},"locations":[{"start":{"line":54,"column":40},"end":{"line":54,"column":80}}]},"12":{"type":"branch","line":55,"loc":{"start":{"line":55,"column":18},"end":{"line":59,"column":13}},"locations":[{"start":{"line":55,"column":18},"end":{"line":59,"column":13}}]},"13":{"type":"branch","line":56,"loc":{"start":{"line":56,"column":69},"end":{"line":58,"column":49}},"locations":[{"start":{"line":56,"column":69},"end":{"line":58,"column":49}}]},"14":{"type":"branch","line":68,"loc":{"start":{"line":68,"column":4},"end":{"line":74,"column":5}},"locations":[{"start":{"line":68,"column":4},"end":{"line":74,"column":5}}]},"15":{"type":"branch","line":73,"loc":{"start":{"line":73,"column":42},"end":{"line":73,"column":63}},"locations":[{"start":{"line":73,"column":42},"end":{"line":73,"column":63}}]},"16":{"type":"branch","line":71,"loc":{"start":{"line":71,"column":20},"end":{"line":71,"column":94}},"locations":[{"start":{"line":71,"column":20},"end":{"line":71,"column":94}}]},"17":{"type":"branch","line":71,"loc":{"start":{"line":71,"column":40},"end":{"line":71,"column":80}},"locations":[{"start":{"line":71,"column":40},"end":{"line":71,"column":80}}]},"18":{"type":"branch","line":76,"loc":{"start":{"line":76,"column":4},"end":{"line":78,"column":5}},"locations":[{"start":{"line":76,"column":4},"end":{"line":78,"column":5}}]},"19":{"type":"branch","line":77,"loc":{"start":{"line":77,"column":34},"end":{"line":77,"column":55}},"locations":[{"start":{"line":77,"column":34},"end":{"line":77,"column":55}}]},"20":{"type":"branch","line":80,"loc":{"start":{"line":80,"column":4},"end":{"line":83,"column":5}},"locations":[{"start":{"line":80,"column":4},"end":{"line":83,"column":5}}]},"21":{"type":"branch","line":85,"loc":{"start":{"line":85,"column":4},"end":{"line":88,"column":5}},"locations":[{"start":{"line":85,"column":4},"end":{"line":88,"column":5}}]},"22":{"type":"branch","line":90,"loc":{"start":{"line":90,"column":4},"end":{"line":95,"column":5}},"locations":[{"start":{"line":90,"column":4},"end":{"line":95,"column":5}}]},"23":{"type":"branch","line":93,"loc":{"start":{"line":93,"column":12},"end":{"line":93,"column":87}},"locations":[{"start":{"line":93,"column":12},"end":{"line":93,"column":87}}]},"24":{"type":"branch","line":93,"loc":{"start":{"line":93,"column":32},"end":{"line":93,"column":72}},"locations":[{"start":{"line":93,"column":32},"end":{"line":93,"column":72}}]},"25":{"type":"branch","line":97,"loc":{"start":{"line":97,"column":4},"end":{"line":99,"column":5}},"locations":[{"start":{"line":97,"column":4},"end":{"line":99,"column":5}}]},"26":{"type":"branch","line":101,"loc":{"start":{"line":101,"column":4},"end":{"line":104,"column":5}},"locations":[{"start":{"line":101,"column":4},"end":{"line":104,"column":5}}]},"27":{"type":"branch","line":110,"loc":{"start":{"line":110,"column":4},"end":{"line":120,"column":5}},"locations":[{"start":{"line":110,"column":4},"end":{"line":120,"column":5}}]},"28":{"type":"branch","line":113,"loc":{"start":{"line":113,"column":37},"end":{"line":113,"column":76}},"locations":[{"start":{"line":113,"column":37},"end":{"line":113,"column":76}}]},"29":{"type":"branch","line":117,"loc":{"start":{"line":117,"column":8},"end":{"line":119,"column":9}},"locations":[{"start":{"line":117,"column":8},"end":{"line":119,"column":9}}]}},"b":{"0":[8],"1":[8],"2":[8],"3":[1],"4":[7],"5":[0],"6":[9],"7":[4],"8":[1],"9":[3],"10":[7],"11":[0],"12":[1],"13":[0],"14":[1],"15":[0],"16":[1],"17":[0],"18":[2],"19":[1],"20":[1],"21":[1],"22":[4],"23":[4],"24":[0],"25":[1],"26":[1],"27":[22],"28":[0],"29":[0]},"fnMap":{"0":{"name":"<instance_members_initializer>","decl":{"start":{"line":21,"column":52},"end":{"line":121,"column":1}},"loc":{"start":{"line":21,"column":52},"end":{"line":121,"column":1}},"line":21},"1":{"name":"FileAdapter","decl":{"start":{"line":25,"column":4},"end":{"line":27,"column":5}},"loc":{"start":{"line":25,"column":4},"end":{"line":27,"column":5}},"line":25},"2":{"name":"initialize","decl":{"start":{"line":32,"column":4},"end":{"line":44,"column":5}},"loc":{"start":{"line":32,"column":4},"end":{"line":44,"column":5}},"line":32},"3":{"name":"push","decl":{"start":{"line":46,"column":4},"end":{"line":49,"column":5}},"loc":{"start":{"line":46,"column":4},"end":{"line":49,"column":5}},"line":46},"4":{"name":"pop","decl":{"start":{"line":51,"column":4},"end":{"line":66,"column":5}},"loc":{"start":{"line":51,"column":4},"end":{"line":66,"column":5}},"line":51},"5":{"name":"peek","decl":{"start":{"line":68,"column":4},"end":{"line":74,"column":5}},"loc":{"start":{"line":68,"column":4},"end":{"line":74,"column":5}},"line":68},"6":{"name":"get","decl":{"start":{"line":76,"column":4},"end":{"line":78,"column":5}},"loc":{"start":{"line":76,"column":4},"end":{"line":78,"column":5}},"line":76},"7":{"name":"update","decl":{"start":{"line":80,"column":4},"end":{"line":83,"column":5}},"loc":{"start":{"line":80,"column":4},"end":{"line":83,"column":5}},"line":80},"8":{"name":"remove","decl":{"start":{"line":85,"column":4},"end":{"line":88,"column":5}},"loc":{"start":{"line":85,"column":4},"end":{"line":88,"column":5}},"line":85},"9":{"name":"size","decl":{"start":{"line":90,"column":4},"end":{"line":95,"column":5}},"loc":{"start":{"line":90,"column":4},"end":{"line":95,"column":5}},"line":90},"10":{"name":"getAll","decl":{"start":{"line":97,"column":4},"end":{"line":99,"column":5}},"loc":{"start":{"line":97,"column":4},"end":{"line":99,"column":5}},"line":97},"11":{"name":"clear","decl":{"start":{"line":101,"column":4},"end":{"line":104,"column":5}},"loc":{"start":{"line":101,"column":4},"end":{"line":104,"column":5}},"line":101},"12":{"name":"close","decl":{"start":{"line":106,"column":4},"end":{"line":108,"column":5}},"loc":{"start":{"line":106,"column":4},"end":{"line":108,"column":5}},"line":106},"13":{"name":"flush","decl":{"start":{"line":110,"column":4},"end":{"line":120,"column":5}},"loc":{"start":{"line":110,"column":4},"end":{"line":120,"column":5}},"line":110}},"f":{"0":8,"1":8,"2":8,"3":9,"4":4,"5":1,"6":2,"7":1,"8":1,"9":4,"10":1,"11":1,"12":0,"13":22}}
,"C:\\Users\\Natz\\Downloads\\sc\\natzApi\\files\\queue\\src\\adapters\\MemoryAdapter.ts": {"path":"C:\\Users\\Natz\\Downloads\\sc\\natzApi\\files\\queue\\src\\adapters\\MemoryAdapter.ts","all":false,"statementMap":{"0":{"start":{"line":1,"column":0},"end":{"line":1,"column":65}},"9":{"start":{"line":10,"column":0},"end":{"line":10,"column":55}},"10":{"start":{"line":11,"column":0},"end":{"line":11,"column":47}},"12":{"start":{"line":13,"column":0},"end":{"line":13,"column":64}},"14":{"start":{"line":15,"column":0},"end":{"line":15,"column":71}},"16":{"start":{"line":17,"column":0},"end":{"line":17,"column":66}},"17":{"start":{"line":18,"column":0},"end":{"line":18,"column":30}},"19":{"start":{"line":20,"column":0},"end":{"line":20,"column":62}},"20":{"start":{"line":21,"column":0},"end":{"line":21,"column":5}},"22":{"start":{"line":23,"column":0},"end":{"line":23,"column":63}},"23":{"start":{"line":24,"column":0},"end":{"line":24,"column":31}},"24":{"start":{"line":25,"column":0},"end":{"line":25,"column":46}},"25":{"start":{"line":26,"column":0},"end":{"line":26,"column":30}},"27":{"start":{"line":28,"column":0},"end":{"line":28,"column":41}},"28":{"start":{"line":29,"column":0},"end":{"line":29,"column":29}},"29":{"start":{"line":30,"column":0},"end":{"line":30,"column":5}},"31":{"start":{"line":32,"column":0},"end":{"line":32,"column":64}},"32":{"start":{"line":33,"column":0},"end":{"line":33,"column":31}},"33":{"start":{"line":34,"column":0},"end":{"line":34,"column":43}},"34":{"start":{"line":35,"column":0},"end":{"line":35,"column":30}},"35":{"start":{"line":36,"column":0},"end":{"line":36,"column":29}},"36":{"start":{"line":37,"column":0},"end":{"line":37,"column":5}},"38":{"start":{"line":39,"column":0},"end":{"line":39,"column":73}},"40":{"start":{"line":41,"column":0},"end":{"line":41,"column":49}},"41":{"start":{"line":42,"column":0},"end":{"line":42,"column":44}},"42":{"start":{"line":43,"column":0},"end":{"line":43,"column":54}},"43":{"start":{"line":44,"column":0},"end":{"line":44,"column":5}},"45":{"start":{"line":46,"column":0},"end":{"line":46,"column":68}},"47":{"start":{"line":48,"column":0},"end":{"line":48,"column":44}},"48":{"start":{"line":49,"column":0},"end":{"line":49,"column":34}},"49":{"start":{"line":50,"column":0},"end":{"line":50,"column":66}},"50":{"start":{"line":51,"column":0},"end":{"line":51,"column":16}},"51":{"start":{"line":52,"column":0},"end":{"line":52,"column":59}},"52":{"start":{"line":53,"column":0},"end":{"line":53,"column":9}},"53":{"start":{"line":54,"column":0},"end":{"line":54,"column":5}},"55":{"start":{"line":56,"column":0},"end":{"line":56,"column":45}},"56":{"start":{"line":57,"column":0},"end":{"line":57,"column":29}},"58":{"start":{"line":59,"column":0},"end":{"line":59,"column":37}},"59":{"start":{"line":60,"column":0},"end":{"line":60,"column":30}},"60":{"start":{"line":61,"column":0},"end":{"line":61,"column":5}},"62":{"start":{"line":63,"column":0},"end":{"line":63,"column":35}},"63":{"start":{"line":64,"column":0},"end":{"line":64,"column":30}},"64":{"start":{"line":65,"column":0},"end":{"line":65,"column":5}},"66":{"start":{"line":67,"column":0},"end":{"line":67,"column":61}},"67":{"start":{"line":68,"column":0},"end":{"line":68,"column":57}},"68":{"start":{"line":69,"column":0},"end":{"line":69,"column":70}},"69":{"start":{"line":70,"column":0},"end":{"line":70,"column":43}},"70":{"start":{"line":71,"column":0},"end":{"line":71,"column":5}},"72":{"start":{"line":73,"column":0},"end":{"line":73,"column":34}},"73":{"start":{"line":74,"column":0},"end":{"line":74,"column":26}},"74":{"start":{"line":75,"column":0},"end":{"line":75,"column":27}},"76":{"start":{"line":77,"column":0},"end":{"line":77,"column":34}},"77":{"start":{"line":78,"column":0},"end":{"line":78,"column":5}},"79":{"start":{"line":80,"column":0},"end":{"line":80,"column":34}},"80":{"start":{"line":81,"column":0},"end":{"line":81,"column":27}},"83":{"start":{"line":84,"column":0},"end":{"line":84,"column":5}},"84":{"start":{"line":85,"column":0},"end":{"line":85,"column":1}}},"s":{"0":1,"9":1,"10":104,"12":104,"14":104,"16":104,"17":84,"19":84,"20":84,"22":104,"23":68,"24":68,"25":68,"27":43,"28":43,"29":68,"31":104,"32":2,"33":2,"34":2,"35":1,"36":2,"38":104,"40":4,"41":4,"42":4,"43":4,"45":104,"47":39,"48":4,"49":4,"50":38,"51":35,"52":35,"53":39,"55":104,"56":3,"58":3,"59":3,"60":3,"62":104,"63":52,"64":52,"66":104,"67":15,"68":15,"69":15,"70":15,"72":104,"73":54,"74":54,"76":54,"77":54,"79":104,"80":52,"83":52,"84":104},"branchMap":{"0":{"type":"branch","line":10,"loc":{"start":{"line":10,"column":54},"end":{"line":85,"column":1}},"locations":[{"start":{"line":10,"column":54},"end":{"line":85,"column":1}}]},"1":{"type":"branch","line":17,"loc":{"start":{"line":17,"column":4},"end":{"line":21,"column":5}},"locations":[{"start":{"line":17,"column":4},"end":{"line":21,"column":5}}]},"2":{"type":"branch","line":23,"loc":{"start":{"line":23,"column":4},"end":{"line":30,"column":5}},"locations":[{"start":{"line":23,"column":4},"end":{"line":30,"column":5}}]},"3":{"type":"branch","line":26,"loc":{"start":{"line":26,"column":18},"end":{"line":26,"column":30}},"locations":[{"start":{"line":26,"column":18},"end":{"line":26,"column":30}}]},"4":{"type":"branch","line":26,"loc":{"start":{"line":26,"column":25},"end":{"line":29,"column":29}},"locations":[{"start":{"line":26,"column":25},"end":{"line":29,"column":29}}]},"5":{"type":"branch","line":32,"loc":{"start":{"line":32,"column":4},"end":{"line":37,"column":5}},"locations":[{"start":{"line":32,"column":4},"end":{"line":37,"column":5}}]},"6":{"type":"branch","line":35,"loc":{"start":{"line":35,"column":18},"end":{"line":36,"column":29}},"locations":[{"start":{"line":35,"column":18},"end":{"line":36,"column":29}}]},"7":{"type":"branch","line":39,"loc":{"start":{"line":39,"column":4},"end":{"line":44,"column":5}},"locations":[{"start":{"line":39,"column":4},"end":{"line":44,"column":5}}]},"8":{"type":"branch","line":42,"loc":{"start":{"line":42,"column":20},"end":{"line":43,"column":49}},"locations":[{"start":{"line":42,"column":20},"end":{"line":43,"column":49}}]},"9":{"type":"branch","line":42,"loc":{"start":{"line":42,"column":27},"end":{"line":43,"column":49}},"locations":[{"start":{"line":42,"column":27},"end":{"line":43,"column":49}}]},"10":{"type":"branch","line":43,"loc":{"start":{"line":43,"column":33},"end":{"line":43,"column":54}},"locations":[{"start":{"line":43,"column":33},"end":{"line":43,"column":54}}]},"11":{"type":"branch","line":46,"loc":{"start":{"line":46,"column":4},"end":{"line":54,"column":5}},"locations":[{"start":{"line":46,"column":4},"end":{"line":54,"column":5}}]},"12":{"type":"branch","line":48,"loc":{"start":{"line":48,"column":43},"end":{"line":53,"column":9}},"locations":[{"start":{"line":48,"column":43},"end":{"line":53,"column":9}}]},"13":{"type":"branch","line":48,"loc":{"start":{"line":48,"column":43},"end":{"line":51,"column":15}},"locations":[{"start":{"line":48,"column":43},"end":{"line":51,"column":15}}]},"14":{"type":"branch","line":51,"loc":{"start":{"line":51,"column":8},"end":{"line":53,"column":9}},"locations":[{"start":{"line":51,"column":8},"end":{"line":53,"column":9}}]},"15":{"type":"branch","line":56,"loc":{"start":{"line":56,"column":4},"end":{"line":61,"column":5}},"locations":[{"start":{"line":56,"column":4},"end":{"line":61,"column":5}}]},"16":{"type":"branch","line":63,"loc":{"start":{"line":63,"column":4},"end":{"line":65,"column":5}},"locations":[{"start":{"line":63,"column":4},"end":{"line":65,"column":5}}]},"17":{"type":"branch","line":67,"loc":{"start":{"line":67,"column":4},"end":{"line":71,"column":5}},"locations":[{"start":{"line":67,"column":4},"end":{"line":71,"column":5}}]},"18":{"type":"branch","line":73,"loc":{"start":{"line":73,"column":4},"end":{"line":78,"column":5}},"locations":[{"start":{"line":73,"column":4},"end":{"line":78,"column":5}}]},"19":{"type":"branch","line":80,"loc":{"start":{"line":80,"column":4},"end":{"line":84,"column":5}},"locations":[{"start":{"line":80,"column":4},"end":{"line":84,"column":5}}]}},"b":{"0":[104],"1":[84],"2":[68],"3":[25],"4":[43],"5":[2],"6":[1],"7":[4],"8":[3],"9":[1],"10":[0],"11":[39],"12":[38],"13":[4],"14":[35],"15":[3],"16":[52],"17":[15],"18":[54],"19":[52]},"fnMap":{"0":{"name":"<instance_members_initializer>","decl":{"start":{"line":10,"column":54},"end":{"line":85,"column":1}},"loc":{"start":{"line":10,"column":54},"end":{"line":85,"column":1}},"line":10},"1":{"name":"push","decl":{"start":{"line":17,"column":4},"end":{"line":21,"column":5}},"loc":{"start":{"line":17,"column":4},"end":{"line":21,"column":5}},"line":17},"2":{"name":"pop","decl":{"start":{"line":23,"column":4},"end":{"line":30,"column":5}},"loc":{"start":{"line":23,"column":4},"end":{"line":30,"column":5}},"line":23},"3":{"name":"peek","decl":{"start":{"line":32,"column":4},"end":{"line":37,"column":5}},"loc":{"start":{"line":32,"column":4},"end":{"line":37,"column":5}},"line":32},"4":{"name":"get","decl":{"start":{"line":39,"column":4},"end":{"line":44,"column":5}},"loc":{"start":{"line":39,"column":4},"end":{"line":44,"column":5}},"line":39},"5":{"name":"update","decl":{"start":{"line":46,"column":4},"end":{"line":54,"column":5}},"loc":{"start":{"line":46,"column":4},"end":{"line":54,"column":5}},"line":46},"6":{"name":"remove","decl":{"start":{"line":56,"column":4},"end":{"line":61,"column":5}},"loc":{"start":{"line":56,"column":4},"end":{"line":61,"column":5}},"line":56},"7":{"name":"size","decl":{"start":{"line":63,"column":4},"end":{"line":65,"column":5}},"loc":{"start":{"line":63,"column":4},"end":{"line":65,"column":5}},"line":63},"8":{"name":"getAll","decl":{"start":{"line":67,"column":4},"end":{"line":71,"column":5}},"loc":{"start":{"line":67,"column":4},"end":{"line":71,"column":5}},"line":67},"9":{"name":"clear","decl":{"start":{"line":73,"column":4},"end":{"line":78,"column":5}},"loc":{"start":{"line":73,"column":4},"end":{"line":78,"column":5}},"line":73},"10":{"name":"close","decl":{"start":{"line":80,"column":4},"end":{"line":84,"column":5}},"loc":{"start":{"line":80,"column":4},"end":{"line":84,"column":5}},"line":80}},"f":{"0":104,"1":84,"2":68,"3":2,"4":4,"5":39,"6":3,"7":52,"8":15,"9":54,"10":52}}
,"C:\\Users\\Natz\\Downloads\\sc\\natzApi\\files\\queue\\src\\adapters\\SqliteAdapter.ts": {"path":"C:\\Users\\Natz\\Downloads\\sc\\natzApi\\files\\queue\\src\\adapters\\SqliteAdapter.ts","all":false,"statementMap":{"0":{"start":{"line":1,"column":0},"end":{"line":1,"column":65}},"19":{"start":{"line":20,"column":0},"end":{"line":20,"column":55}},"20":{"start":{"line":21,"column":0},"end":{"line":21,"column":36}},"22":{"start":{"line":23,"column":0},"end":{"line":23,"column":27}},"24":{"start":{"line":25,"column":0},"end":{"line":25,"column":49}},"25":{"start":{"line":26,"column":0},"end":{"line":26,"column":27}},"26":{"start":{"line":27,"column":0},"end":{"line":27,"column":5}},"32":{"start":{"line":33,"column":0},"end":{"line":33,"column":39}},"34":{"start":{"line":35,"column":0},"end":{"line":35,"column":31}},"35":{"start":{"line":36,"column":0},"end":{"line":36,"column":13}},"37":{"start":{"line":38,"column":0},"end":{"line":38,"column":79}},"38":{"start":{"line":39,"column":0},"end":{"line":39,"column":17}},"39":{"start":{"line":40,"column":0},"end":{"line":40,"column":35}},"40":{"start":{"line":41,"column":0},"end":{"line":41,"column":107}},"41":{"start":{"line":42,"column":0},"end":{"line":42,"column":14}},"42":{"start":{"line":43,"column":0},"end":{"line":43,"column":9}},"43":{"start":{"line":44,"column":0},"end":{"line":44,"column":49}},"44":{"start":{"line":45,"column":0},"end":{"line":45,"column":45}},"45":{"start":{"line":46,"column":0},"end":{"line":46,"column":47}},"46":{"start":{"line":47,"column":0},"end":{"line":47,"column":22}},"59":{"start":{"line":60,"column":0},"end":{"line":60,"column":7}},"60":{"start":{"line":61,"column":0},"end":{"line":61,"column":5}},"62":{"start":{"line":63,"column":0},"end":{"line":63,"column":66}},"63":{"start":{"line":64,"column":0},"end":{"line":64,"column":25}},"64":{"start":{"line":65,"column":0},"end":{"line":65,"column":24}},"65":{"start":{"line":66,"column":0},"end":{"line":66,"column":94}},"67":{"start":{"line":68,"column":0},"end":{"line":68,"column":104}},"68":{"start":{"line":69,"column":0},"end":{"line":69,"column":5}},"70":{"start":{"line":71,"column":0},"end":{"line":71,"column":63}},"71":{"start":{"line":72,"column":0},"end":{"line":72,"column":25}},"72":{"start":{"line":73,"column":0},"end":{"line":73,"column":31}},"77":{"start":{"line":78,"column":0},"end":{"line":78,"column":36}},"78":{"start":{"line":79,"column":0},"end":{"line":79,"column":25}},"87":{"start":{"line":88,"column":0},"end":{"line":88,"column":19}},"89":{"start":{"line":90,"column":0},"end":{"line":90,"column":30}},"90":{"start":{"line":91,"column":0},"end":{"line":91,"column":46}},"91":{"start":{"line":92,"column":0},"end":{"line":92,"column":5}},"93":{"start":{"line":94,"column":0},"end":{"line":94,"column":64}},"94":{"start":{"line":95,"column":0},"end":{"line":95,"column":25}},"95":{"start":{"line":96,"column":0},"end":{"line":96,"column":31}},"96":{"start":{"line":97,"column":0},"end":{"line":97,"column":36}},"97":{"start":{"line":98,"column":0},"end":{"line":98,"column":34}},"101":{"start":{"line":102,"column":0},"end":{"line":102,"column":19}},"102":{"start":{"line":103,"column":0},"end":{"line":103,"column":30}},"103":{"start":{"line":104,"column":0},"end":{"line":104,"column":46}},"104":{"start":{"line":105,"column":0},"end":{"line":105,"column":5}},"106":{"start":{"line":107,"column":0},"end":{"line":107,"column":73}},"107":{"start":{"line":108,"column":0},"end":{"line":108,"column":25}},"108":{"start":{"line":109,"column":0},"end":{"line":109,"column":82}},"109":{"start":{"line":110,"column":0},"end":{"line":110,"column":61}},"110":{"start":{"line":111,"column":0},"end":{"line":111,"column":5}},"112":{"start":{"line":113,"column":0},"end":{"line":113,"column":68}},"113":{"start":{"line":114,"column":0},"end":{"line":114,"column":25}},"114":{"start":{"line":115,"column":0},"end":{"line":115,"column":24}},"115":{"start":{"line":116,"column":0},"end":{"line":116,"column":94}},"117":{"start":{"line":118,"column":0},"end":{"line":118,"column":104}},"118":{"start":{"line":119,"column":0},"end":{"line":119,"column":5}},"120":{"start":{"line":121,"column":0},"end":{"line":121,"column":45}},"121":{"start":{"line":122,"column":0},"end":{"line":122,"column":25}},"122":{"start":{"line":123,"column":0},"end":{"line":123,"column":65}},"123":{"start":{"line":124,"column":0},"end":{"line":124,"column":5}},"125":{"start":{"line":126,"column":0},"end":{"line":126,"column":35}},"126":{"start":{"line":127,"column":0},"end":{"line":127,"column":25}},"127":{"start":{"line":128,"column":0},"end":{"line":128,"column":31}},"128":{"start":{"line":129,"column":0},"end":{"line":129,"column":39}},"129":{"start":{"line":130,"column":0},"end":{"line":130,"column":45}},"131":{"start":{"line":132,"column":0},"end":{"line":132,"column":19}},"132":{"start":{"line":133,"column":0},"end":{"line":133,"column":32}},"133":{"start":{"line":134,"column":0},"end":{"line":134,"column":5}},"135":{"start":{"line":136,"column":0},"end":{"line":136,"column":61}},"136":{"start":{"line":137,"column":0},"end":{"line":137,"column":25}},"137":{"start":{"line":138,"column":0},"end":{"line":138,"column":68}},"138":{"start":{"line":139,"column":0},"end":{"line":139,"column":79}},"139":{"start":{"line":140,"column":0},"end":{"line":140,"column":5}},"141":{"start":{"line":142,"column":0},"end":{"line":142,"column":34}},"142":{"start":{"line":143,"column":0},"end":{"line":143,"column":25}},"143":{"start":{"line":144,"column":0},"end":{"line":144,"column":50}},"144":{"start":{"line":145,"column":0},"end":{"line":145,"column":5}},"146":{"start":{"line":147,"column":0},"end":{"line":147,"column":34}},"147":{"start":{"line":148,"column":0},"end":{"line":148,"column":22}},"148":{"start":{"line":149,"column":0},"end":{"line":149,"column":28}},"149":{"start":{"line":150,"column":0},"end":{"line":150,"column":27}},"150":{"start":{"line":151,"column":0},"end":{"line":151,"column":9}},"151":{"start":{"line":152,"column":0},"end":{"line":152,"column":5}},"153":{"start":{"line":154,"column":0},"end":{"line":154,"column":31}},"154":{"start":{"line":155,"column":0},"end":{"line":155,"column":23}},"155":{"start":{"line":156,"column":0},"end":{"line":156,"column":94}},"156":{"start":{"line":157,"column":0},"end":{"line":157,"column":9}},"157":{"start":{"line":158,"column":0},"end":{"line":158,"column":5}},"158":{"start":{"line":159,"column":0},"end":{"line":159,"column":1}}},"s":{"0":1,"19":1,"20":8,"22":8,"24":8,"25":8,"26":8,"32":8,"34":7,"35":7,"37":7,"38":7,"39":0,"40":0,"41":0,"42":0,"43":7,"44":7,"45":7,"46":7,"59":7,"60":7,"62":8,"63":9,"64":9,"65":9,"67":9,"68":9,"70":8,"71":5,"72":5,"77":5,"78":5,"87":5,"89":5,"90":4,"91":5,"93":8,"94":2,"95":2,"96":2,"97":2,"101":2,"102":2,"103":1,"104":2,"106":8,"107":2,"108":2,"109":2,"110":2,"112":8,"113":1,"114":1,"115":1,"117":1,"118":1,"120":8,"121":1,"122":1,"123":1,"125":8,"126":6,"127":6,"128":6,"129":6,"131":6,"132":6,"133":6,"135":8,"136":1,"137":1,"138":1,"139":1,"141":8,"142":1,"143":1,"144":1,"146":8,"147":7,"148":7,"149":7,"150":7,"151":7,"153":8,"154":28,"155":1,"156":1,"157":28,"158":8},"branchMap":{"0":{"type":"branch","line":20,"loc":{"start":{"line":20,"column":54},"end":{"line":159,"column":1}},"locations":[{"start":{"line":20,"column":54},"end":{"line":159,"column":1}}]},"1":{"type":"branch","line":25,"loc":{"start":{"line":25,"column":4},"end":{"line":27,"column":5}},"locations":[{"start":{"line":25,"column":4},"end":{"line":27,"column":5}}]},"2":{"type":"branch","line":33,"loc":{"start":{"line":33,"column":4},"end":{"line":61,"column":5}},"locations":[{"start":{"line":33,"column":4},"end":{"line":61,"column":5}}]},"3":{"type":"branch","line":39,"loc":{"start":{"line":39,"column":8},"end":{"line":43,"column":9}},"locations":[{"start":{"line":39,"column":8},"end":{"line":43,"column":9}}]},"4":{"type":"branch","line":63,"loc":{"start":{"line":63,"column":4},"end":{"line":69,"column":5}},"locations":[{"start":{"line":63,"column":4},"end":{"line":69,"column":5}}]},"5":{"type":"branch","line":71,"loc":{"start":{"line":71,"column":4},"end":{"line":92,"column":5}},"locations":[{"start":{"line":71,"column":4},"end":{"line":92,"column":5}}]},"6":{"type":"branch","line":90,"loc":{"start":{"line":90,"column":18},"end":{"line":90,"column":30}},"locations":[{"start":{"line":90,"column":18},"end":{"line":90,"column":30}}]},"7":{"type":"branch","line":90,"loc":{"start":{"line":90,"column":25},"end":{"line":91,"column":46}},"locations":[{"start":{"line":90,"column":25},"end":{"line":91,"column":46}}]},"8":{"type":"branch","line":94,"loc":{"start":{"line":94,"column":4},"end":{"line":105,"column":5}},"locations":[{"start":{"line":94,"column":4},"end":{"line":105,"column":5}}]},"9":{"type":"branch","line":103,"loc":{"start":{"line":103,"column":18},"end":{"line":104,"column":46}},"locations":[{"start":{"line":103,"column":18},"end":{"line":104,"column":46}}]},"10":{"type":"branch","line":107,"loc":{"start":{"line":107,"column":4},"end":{"line":111,"column":5}},"locations":[{"start":{"line":107,"column":4},"end":{"line":111,"column":5}}]},"11":{"type":"branch","line":110,"loc":{"start":{"line":110,"column":15},"end":{"line":110,"column":56}},"locations":[{"start":{"line":110,"column":15},"end":{"line":110,"column":56}}]},"12":{"type":"branch","line":110,"loc":{"start":{"line":110,"column":41},"end":{"line":110,"column":61}},"locations":[{"start":{"line":110,"column":41},"end":{"line":110,"column":61}}]},"13":{"type":"branch","line":113,"loc":{"start":{"line":113,"column":4},"end":{"line":119,"column":5}},"locations":[{"start":{"line":113,"column":4},"end":{"line":119,"column":5}}]},"14":{"type":"branch","line":121,"loc":{"start":{"line":121,"column":4},"end":{"line":124,"column":5}},"locations":[{"start":{"line":121,"column":4},"end":{"line":124,"column":5}}]},"15":{"type":"branch","line":126,"loc":{"start":{"line":126,"column":4},"end":{"line":134,"column":5}},"locations":[{"start":{"line":126,"column":4},"end":{"line":134,"column":5}}]},"16":{"type":"branch","line":133,"loc":{"start":{"line":133,"column":15},"end":{"line":133,"column":30}},"locations":[{"start":{"line":133,"column":15},"end":{"line":133,"column":30}}]},"17":{"type":"branch","line":133,"loc":{"start":{"line":133,"column":23},"end":{"line":133,"column":32}},"locations":[{"start":{"line":133,"column":23},"end":{"line":133,"column":32}}]},"18":{"type":"branch","line":136,"loc":{"start":{"line":136,"column":4},"end":{"line":140,"column":5}},"locations":[{"start":{"line":136,"column":4},"end":{"line":140,"column":5}}]},"19":{"type":"branch","line":142,"loc":{"start":{"line":142,"column":4},"end":{"line":145,"column":5}},"locations":[{"start":{"line":142,"column":4},"end":{"line":145,"column":5}}]},"20":{"type":"branch","line":147,"loc":{"start":{"line":147,"column":4},"end":{"line":152,"column":5}},"locations":[{"start":{"line":147,"column":4},"end":{"line":152,"column":5}}]},"21":{"type":"branch","line":154,"loc":{"start":{"line":154,"column":12},"end":{"line":158,"column":5}},"locations":[{"start":{"line":154,"column":12},"end":{"line":158,"column":5}}]},"22":{"type":"branch","line":155,"loc":{"start":{"line":155,"column":22},"end":{"line":157,"column":9}},"locations":[{"start":{"line":155,"column":22},"end":{"line":157,"column":9}}]}},"b":{"0":[8],"1":[8],"2":[7],"3":[0],"4":[9],"5":[5],"6":[1],"7":[4],"8":[2],"9":[1],"10":[2],"11":[1],"12":[1],"13":[1],"14":[1],"15":[6],"16":[5],"17":[0],"18":[1],"19":[1],"20":[7],"21":[28],"22":[1]},"fnMap":{"0":{"name":"<instance_members_initializer>","decl":{"start":{"line":20,"column":54},"end":{"line":159,"column":1}},"loc":{"start":{"line":20,"column":54},"end":{"line":159,"column":1}},"line":20},"1":{"name":"SqliteAdapter","decl":{"start":{"line":25,"column":4},"end":{"line":27,"column":5}},"loc":{"start":{"line":25,"column":4},"end":{"line":27,"column":5}},"line":25},"2":{"name":"initialize","decl":{"start":{"line":33,"column":4},"end":{"line":61,"column":5}},"loc":{"start":{"line":33,"column":4},"end":{"line":61,"column":5}},"line":33},"3":{"name":"push","decl":{"start":{"line":63,"column":4},"end":{"line":69,"column":5}},"loc":{"start":{"line":63,"column":4},"end":{"line":69,"column":5}},"line":63},"4":{"name":"pop","decl":{"start":{"line":71,"column":4},"end":{"line":92,"column":5}},"loc":{"start":{"line":71,"column":4},"end":{"line":92,"column":5}},"line":71},"5":{"name":"peek","decl":{"start":{"line":94,"column":4},"end":{"line":105,"column":5}},"loc":{"start":{"line":94,"column":4},"end":{"line":105,"column":5}},"line":94},"6":{"name":"get","decl":{"start":{"line":107,"column":4},"end":{"line":111,"column":5}},"loc":{"start":{"line":107,"column":4},"end":{"line":111,"column":5}},"line":107},"7":{"name":"update","decl":{"start":{"line":113,"column":4},"end":{"line":119,"column":5}},"loc":{"start":{"line":113,"column":4},"end":{"line":119,"column":5}},"line":113},"8":{"name":"remove","decl":{"start":{"line":121,"column":4},"end":{"line":124,"column":5}},"loc":{"start":{"line":121,"column":4},"end":{"line":124,"column":5}},"line":121},"9":{"name":"size","decl":{"start":{"line":126,"column":4},"end":{"line":134,"column":5}},"loc":{"start":{"line":126,"column":4},"end":{"line":134,"column":5}},"line":126},"10":{"name":"getAll","decl":{"start":{"line":136,"column":4},"end":{"line":140,"column":5}},"loc":{"start":{"line":136,"column":4},"end":{"line":140,"column":5}},"line":136},"11":{"name":"clear","decl":{"start":{"line":142,"column":4},"end":{"line":145,"column":5}},"loc":{"start":{"line":142,"column":4},"end":{"line":145,"column":5}},"line":142},"12":{"name":"close","decl":{"start":{"line":147,"column":4},"end":{"line":152,"column":5}},"loc":{"start":{"line":147,"column":4},"end":{"line":152,"column":5}},"line":147},"13":{"name":"checkInit","decl":{"start":{"line":154,"column":12},"end":{"line":158,"column":5}},"loc":{"start":{"line":154,"column":12},"end":{"line":158,"column":5}},"line":154}},"f":{"0":8,"1":8,"2":7,"3":9,"4":5,"5":2,"6":2,"7":1,"8":1,"9":6,"10":1,"11":1,"12":7,"13":28}}
,"C:\\Users\\Natz\\Downloads\\sc\\natzApi\\files\\queue\\src\\config\\QueueConfig.ts": {"path":"C:\\Users\\Natz\\Downloads\\sc\\natzApi\\files\\queue\\src\\config\\QueueConfig.ts","all":false,"statementMap":{"0":{"start":{"line":1,"column":0},"end":{"line":1,"column":113}},"3":{"start":{"line":4,"column":0},"end":{"line":4,"column":52}},"4":{"start":{"line":5,"column":0},"end":{"line":5,"column":11}},"5":{"start":{"line":6,"column":0},"end":{"line":6,"column":12}},"6":{"start":{"line":7,"column":0},"end":{"line":7,"column":24}},"7":{"start":{"line":8,"column":0},"end":{"line":8,"column":26}},"8":{"start":{"line":9,"column":0},"end":{"line":9,"column":19}},"9":{"start":{"line":10,"column":0},"end":{"line":10,"column":29}},"10":{"start":{"line":11,"column":0},"end":{"line":11,"column":2}},"12":{"start":{"line":13,"column":0},"end":{"line":13,"column":62}},"13":{"start":{"line":14,"column":0},"end":{"line":14,"column":30}},"14":{"start":{"line":15,"column":0},"end":{"line":15,"column":45}},"15":{"start":{"line":16,"column":0},"end":{"line":16,"column":31}},"16":{"start":{"line":17,"column":0},"end":{"line":17,"column":19}},"17":{"start":{"line":18,"column":0},"end":{"line":18,"column":2}},"22":{"start":{"line":23,"column":0},"end":{"line":23,"column":73}},"23":{"start":{"line":24,"column":0},"end":{"line":24,"column":12}},"24":{"start":{"line":25,"column":0},"end":{"line":25,"column":26}},"25":{"start":{"line":26,"column":0},"end":{"line":26,"column":55}},"26":{"start":{"line":27,"column":0},"end":{"line":27,"column":18}},"27":{"start":{"line":28,"column":0},"end":{"line":28,"column":37}},"28":{"start":{"line":29,"column":0},"end":{"line":29,"column":30}},"29":{"start":{"line":30,"column":0},"end":{"line":30,"column":10}},"30":{"start":{"line":31,"column":0},"end":{"line":31,"column":22}},"31":{"start":{"line":32,"column":0},"end":{"line":32,"column":42}},"32":{"start":{"line":33,"column":0},"end":{"line":33,"column":34}},"33":{"start":{"line":34,"column":0},"end":{"line":34,"column":10}},"34":{"start":{"line":35,"column":0},"end":{"line":35,"column":38}},"35":{"start":{"line":36,"column":0},"end":{"line":36,"column":53}},"36":{"start":{"line":37,"column":0},"end":{"line":37,"column":59}},"37":{"start":{"line":38,"column":0},"end":{"line":38,"column":64}},"38":{"start":{"line":39,"column":0},"end":{"line":39,"column":42}},"39":{"start":{"line":40,"column":0},"end":{"line":40,"column":6}},"40":{"start":{"line":41,"column":0},"end":{"line":41,"column":1}}},"s":{"0":1,"3":1,"4":1,"5":1,"6":1,"7":1,"8":1,"9":1,"10":1,"12":1,"13":1,"14":1,"15":1,"16":1,"17":1,"22":1,"23":50,"24":50,"25":50,"26":50,"27":50,"28":50,"29":50,"30":50,"31":50,"32":50,"33":50,"34":50,"35":50,"36":50,"37":50,"38":50,"39":50,"40":50},"branchMap":{"0":{"type":"branch","line":23,"loc":{"start":{"line":23,"column":7},"end":{"line":41,"column":1}},"locations":[{"start":{"line":23,"column":7},"end":{"line":41,"column":1}}]},"1":{"type":"branch","line":26,"loc":{"start":{"line":26,"column":24},"end":{"line":26,"column":55}},"locations":[{"start":{"line":26,"column":24},"end":{"line":26,"column":55}}]},"2":{"type":"branch","line":35,"loc":{"start":{"line":35,"column":24},"end":{"line":35,"column":38}},"locations":[{"start":{"line":35,"column":24},"end":{"line":35,"column":38}}]},"3":{"type":"branch","line":37,"loc":{"start":{"line":37,"column":35},"end":{"line":37,"column":59}},"locations":[{"start":{"line":37,"column":35},"end":{"line":37,"column":59}}]}},"b":{"0":[50],"1":[49],"2":[41],"3":[47]},"fnMap":{"0":{"name":"resolveConfig","decl":{"start":{"line":23,"column":7},"end":{"line":41,"column":1}},"loc":{"start":{"line":23,"column":7},"end":{"line":41,"column":1}},"line":23}},"f":{"0":50}}
,"C:\\Users\\Natz\\Downloads\\sc\\natzApi\\files\\queue\\src\\config\\validateConfig.ts": {"path":"C:\\Users\\Natz\\Downloads\\sc\\natzApi\\files\\queue\\src\\config\\validateConfig.ts","all":false,"statementMap":{"0":{"start":{"line":1,"column":0},"end":{"line":1,"column":59}},"10":{"start":{"line":11,"column":0},"end":{"line":11,"column":59}},"11":{"start":{"line":12,"column":0},"end":{"line":12,"column":87}},"12":{"start":{"line":13,"column":0},"end":{"line":13,"column":76}},"13":{"start":{"line":14,"column":0},"end":{"line":14,"column":5}},"14":{"start":{"line":15,"column":0},"end":{"line":15,"column":71}},"15":{"start":{"line":16,"column":0},"end":{"line":16,"column":70}},"16":{"start":{"line":17,"column":0},"end":{"line":17,"column":5}},"17":{"start":{"line":18,"column":0},"end":{"line":18,"column":25}},"18":{"start":{"line":19,"column":0},"end":{"line":19,"column":33}},"19":{"start":{"line":20,"column":0},"end":{"line":20,"column":47}},"20":{"start":{"line":21,"column":0},"end":{"line":21,"column":73}},"21":{"start":{"line":22,"column":0},"end":{"line":22,"column":9}},"22":{"start":{"line":23,"column":0},"end":{"line":23,"column":47}},"23":{"start":{"line":24,"column":0},"end":{"line":24,"column":73}},"24":{"start":{"line":25,"column":0},"end":{"line":25,"column":9}},"25":{"start":{"line":26,"column":0},"end":{"line":26,"column":74}},"26":{"start":{"line":27,"column":0},"end":{"line":27,"column":75}},"27":{"start":{"line":28,"column":0},"end":{"line":28,"column":9}},"28":{"start":{"line":29,"column":0},"end":{"line":29,"column":77}},"29":{"start":{"line":30,"column":0},"end":{"line":30,"column":91}},"30":{"start":{"line":31,"column":0},"end":{"line":31,"column":9}},"31":{"start":{"line":32,"column":0},"end":{"line":32,"column":5}},"32":{"start":{"line":33,"column":0},"end":{"line":33,"column":83}},"33":{"start":{"line":34,"column":0},"end":{"line":34,"column":76}},"34":{"start":{"line":35,"column":0},"end":{"line":35,"column":5}},"35":{"start":{"line":36,"column":0},"end":{"line":36,"column":85}},"36":{"start":{"line":37,"column":0},"end":{"line":37,"column":80}},"37":{"start":{"line":38,"column":0},"end":{"line":38,"column":5}},"39":{"start":{"line":40,"column":0},"end":{"line":40,"column":29}},"40":{"start":{"line":41,"column":0},"end":{"line":41,"column":37}},"41":{"start":{"line":42,"column":0},"end":{"line":42,"column":84}},"42":{"start":{"line":43,"column":0},"end":{"line":43,"column":85}},"43":{"start":{"line":44,"column":0},"end":{"line":44,"column":9}},"44":{"start":{"line":45,"column":0},"end":{"line":45,"column":94}},"45":{"start":{"line":46,"column":0},"end":{"line":46,"column":90}},"46":{"start":{"line":47,"column":0},"end":{"line":47,"column":9}},"47":{"start":{"line":48,"column":0},"end":{"line":48,"column":80}},"48":{"start":{"line":49,"column":0},"end":{"line":49,"column":97}},"49":{"start":{"line":50,"column":0},"end":{"line":50,"column":9}},"50":{"start":{"line":51,"column":0},"end":{"line":51,"column":5}},"52":{"start":{"line":53,"column":0},"end":{"line":53,"column":73}},"53":{"start":{"line":54,"column":0},"end":{"line":54,"column":69}},"54":{"start":{"line":55,"column":0},"end":{"line":55,"column":5}},"56":{"start":{"line":57,"column":0},"end":{"line":57,"column":110}},"57":{"start":{"line":58,"column":0},"end":{"line":58,"column":85}},"58":{"start":{"line":59,"column":0},"end":{"line":59,"column":5}},"59":{"start":{"line":60,"column":0},"end":{"line":60,"column":1}}},"s":{"0":1,"10":1,"11":76,"12":4,"13":4,"14":76,"15":1,"16":1,"17":76,"18":54,"19":54,"20":1,"21":1,"22":54,"23":1,"24":1,"25":54,"26":1,"27":1,"28":54,"29":1,"30":1,"31":54,"32":76,"33":1,"34":1,"35":76,"36":1,"37":1,"39":76,"40":6,"41":6,"42":1,"43":1,"44":6,"45":1,"46":1,"47":6,"48":1,"49":1,"50":6,"52":76,"53":1,"54":1,"56":76,"57":2,"58":2,"59":76},"branchMap":{"0":{"type":"branch","line":11,"loc":{"start":{"line":11,"column":7},"end":{"line":60,"column":1}},"locations":[{"start":{"line":11,"column":7},"end":{"line":60,"column":1}}]},"1":{"type":"branch","line":12,"loc":{"start":{"line":12,"column":16},"end":{"line":12,"column":59}},"locations":[{"start":{"line":12,"column":16},"end":{"line":12,"column":59}}]},"2":{"type":"branch","line":12,"loc":{"start":{"line":12,"column":47},"end":{"line":12,"column":86}},"locations":[{"start":{"line":12,"column":47},"end":{"line":12,"column":86}}]},"3":{"type":"branch","line":12,"loc":{"start":{"line":12,"column":86},"end":{"line":14,"column":5}},"locations":[{"start":{"line":12,"column":86},"end":{"line":14,"column":5}}]},"4":{"type":"branch","line":14,"loc":{"start":{"line":14,"column":4},"end":{"line":15,"column":45}},"locations":[{"start":{"line":14,"column":4},"end":{"line":15,"column":45}}]},"5":{"type":"branch","line":15,"loc":{"start":{"line":15,"column":32},"end":{"line":15,"column":70}},"locations":[{"start":{"line":15,"column":32},"end":{"line":15,"column":70}}]},"6":{"type":"branch","line":15,"loc":{"start":{"line":15,"column":70},"end":{"line":17,"column":5}},"locations":[{"start":{"line":15,"column":70},"end":{"line":17,"column":5}}]},"7":{"type":"branch","line":17,"loc":{"start":{"line":17,"column":4},"end":{"line":18,"column":24}},"locations":[{"start":{"line":17,"column":4},"end":{"line":18,"column":24}}]},"8":{"type":"branch","line":18,"loc":{"start":{"line":18,"column":24},"end":{"line":32,"column":5}},"locations":[{"start":{"line":18,"column":24},"end":{"line":32,"column":5}}]},"9":{"type":"branch","line":20,"loc":{"start":{"line":20,"column":22},"end":{"line":20,"column":46}},"locations":[{"start":{"line":20,"column":22},"end":{"line":20,"column":46}}]},"10":{"type":"branch","line":20,"loc":{"start":{"line":20,"column":46},"end":{"line":22,"column":9}},"locations":[{"start":{"line":20,"column":46},"end":{"line":22,"column":9}}]},"11":{"type":"branch","line":22,"loc":{"start":{"line":22,"column":8},"end":{"line":23,"column":35}},"locations":[{"start":{"line":22,"column":8},"end":{"line":23,"column":35}}]},"12":{"type":"branch","line":23,"loc":{"start":{"line":23,"column":22},"end":{"line":23,"column":46}},"locations":[{"start":{"line":23,"column":22},"end":{"line":23,"column":46}}]},"13":{"type":"branch","line":23,"loc":{"start":{"line":23,"column":46},"end":{"line":25,"column":9}},"locations":[{"start":{"line":23,"column":46},"end":{"line":25,"column":9}}]},"14":{"type":"branch","line":25,"loc":{"start":{"line":25,"column":8},"end":{"line":26,"column":35}},"locations":[{"start":{"line":25,"column":8},"end":{"line":26,"column":35}}]},"15":{"type":"branch","line":26,"loc":{"start":{"line":26,"column":22},"end":{"line":26,"column":58}},"locations":[{"start":{"line":26,"column":22},"end":{"line":26,"column":58}}]},"16":{"type":"branch","line":26,"loc":{"start":{"line":26,"column":45},"end":{"line":26,"column":73}},"locations":[{"start":{"line":26,"column":45},"end":{"line":26,"column":73}}]},"17":{"type":"branch","line":26,"loc":{"start":{"line":26,"column":73},"end":{"line":28,"column":9}},"locations":[{"start":{"line":26,"column":73},"end":{"line":28,"column":9}}]},"18":{"type":"branch","line":28,"loc":{"start":{"line":28,"column":8},"end":{"line":29,"column":76}},"locations":[{"start":{"line":28,"column":8},"end":{"line":29,"column":76}}]},"19":{"type":"branch","line":29,"loc":{"start":{"line":29,"column":36},"end":{"line":29,"column":76}},"locations":[{"start":{"line":29,"column":36},"end":{"line":29,"column":76}}]},"20":{"type":"branch","line":29,"loc":{"start":{"line":29,"column":76},"end":{"line":31,"column":9}},"locations":[{"start":{"line":29,"column":76},"end":{"line":31,"column":9}}]},"21":{"type":"branch","line":32,"loc":{"start":{"line":32,"column":4},"end":{"line":33,"column":51}},"locations":[{"start":{"line":32,"column":4},"end":{"line":33,"column":51}}]},"22":{"type":"branch","line":33,"loc":{"start":{"line":33,"column":38},"end":{"line":33,"column":82}},"locations":[{"start":{"line":33,"column":38},"end":{"line":33,"column":82}}]},"23":{"type":"branch","line":33,"loc":{"start":{"line":33,"column":82},"end":{"line":35,"column":5}},"locations":[{"start":{"line":33,"column":82},"end":{"line":35,"column":5}}]},"24":{"type":"branch","line":35,"loc":{"start":{"line":35,"column":4},"end":{"line":36,"column":51}},"locations":[{"start":{"line":35,"column":4},"end":{"line":36,"column":51}}]},"25":{"type":"branch","line":36,"loc":{"start":{"line":36,"column":38},"end":{"line":36,"column":84}},"locations":[{"start":{"line":36,"column":38},"end":{"line":36,"column":84}}]},"26":{"type":"branch","line":36,"loc":{"start":{"line":36,"column":84},"end":{"line":38,"column":5}},"locations":[{"start":{"line":36,"column":84},"end":{"line":38,"column":5}}]},"27":{"type":"branch","line":38,"loc":{"start":{"line":38,"column":4},"end":{"line":40,"column":28}},"locations":[{"start":{"line":38,"column":4},"end":{"line":40,"column":28}}]},"28":{"type":"branch","line":40,"loc":{"start":{"line":40,"column":28},"end":{"line":51,"column":5}},"locations":[{"start":{"line":40,"column":28},"end":{"line":51,"column":5}}]},"29":{"type":"branch","line":42,"loc":{"start":{"line":42,"column":14},"end":{"line":42,"column":52}},"locations":[{"start":{"line":42,"column":14},"end":{"line":42,"column":52}}]},"30":{"type":"branch","line":42,"loc":{"start":{"line":42,"column":39},"end":{"line":42,"column":83}},"locations":[{"start":{"line":42,"column":39},"end":{"line":42,"column":83}}]},"31":{"type":"branch","line":42,"loc":{"start":{"line":42,"column":83},"end":{"line":44,"column":9}},"locations":[{"start":{"line":42,"column":83},"end":{"line":44,"column":9}}]},"32":{"type":"branch","line":44,"loc":{"start":{"line":44,"column":8},"end":{"line":45,"column":25}},"locations":[{"start":{"line":44,"column":8},"end":{"line":45,"column":25}}]},"33":{"type":"branch","line":45,"loc":{"start":{"line":45,"column":14},"end":{"line":45,"column":57}},"locations":[{"start":{"line":45,"column":14},"end":{"line":45,"column":57}}]},"34":{"type":"branch","line":45,"loc":{"start":{"line":45,"column":44},"end":{"line":45,"column":93}},"locations":[{"start":{"line":45,"column":44},"end":{"line":45,"column":93}}]},"35":{"type":"branch","line":45,"loc":{"start":{"line":45,"column":93},"end":{"line":47,"column":9}},"locations":[{"start":{"line":45,"column":93},"end":{"line":47,"column":9}}]},"36":{"type":"branch","line":47,"loc":{"start":{"line":47,"column":8},"end":{"line":48,"column":50}},"locations":[{"start":{"line":47,"column":8},"end":{"line":48,"column":50}}]},"37":{"type":"branch","line":48,"loc":{"start":{"line":48,"column":37},"end":{"line":48,"column":79}},"locations":[{"start":{"line":48,"column":37},"end":{"line":48,"column":79}}]},"38":{"type":"branch","line":48,"loc":{"start":{"line":48,"column":79},"end":{"line":50,"column":9}},"locations":[{"start":{"line":48,"column":79},"end":{"line":50,"column":9}}]},"39":{"type":"branch","line":51,"loc":{"start":{"line":51,"column":4},"end":{"line":53,"column":40}},"locations":[{"start":{"line":51,"column":4},"end":{"line":53,"column":40}}]},"40":{"type":"branch","line":53,"loc":{"start":{"line":53,"column":27},"end":{"line":53,"column":72}},"locations":[{"start":{"line":53,"column":27},"end":{"line":53,"column":72}}]},"41":{"type":"branch","line":53,"loc":{"start":{"line":53,"column":72},"end":{"line":55,"column":5}},"locations":[{"start":{"line":53,"column":72},"end":{"line":55,"column":5}}]},"42":{"type":"branch","line":55,"loc":{"start":{"line":55,"column":4},"end":{"line":57,"column":49}},"locations":[{"start":{"line":55,"column":4},"end":{"line":57,"column":49}}]},"43":{"type":"branch","line":57,"loc":{"start":{"line":57,"column":35},"end":{"line":57,"column":109}},"locations":[{"start":{"line":57,"column":35},"end":{"line":57,"column":109}}]},"44":{"type":"branch","line":57,"loc":{"start":{"line":57,"column":74},"end":{"line":57,"column":109}},"locations":[{"start":{"line":57,"column":74},"end":{"line":57,"column":109}}]},"45":{"type":"branch","line":57,"loc":{"start":{"line":57,"column":109},"end":{"line":59,"column":5}},"locations":[{"start":{"line":57,"column":109},"end":{"line":59,"column":5}}]}},"b":{"0":[76],"1":[74],"2":[73],"3":[4],"4":[72],"5":[3],"6":[1],"7":[71],"8":[54],"9":[52],"10":[1],"11":[53],"12":[52],"13":[1],"14":[52],"15":[51],"16":[51],"17":[1],"18":[51],"19":[2],"20":[1],"21":[67],"22":[4],"23":[1],"24":[66],"25":[1],"26":[1],"27":[65],"28":[6],"29":[4],"30":[3],"31":[1],"32":[5],"33":[3],"34":[3],"35":[1],"36":[4],"37":[3],"38":[1],"39":[62],"40":[11],"41":[1],"42":[61],"43":[5],"44":[4],"45":[2]},"fnMap":{"0":{"name":"validateConfig","decl":{"start":{"line":11,"column":7},"end":{"line":60,"column":1}},"loc":{"start":{"line":11,"column":7},"end":{"line":60,"column":1}},"line":11}},"f":{"0":76}}
,"C:\\Users\\Natz\\Downloads\\sc\\natzApi\\files\\queue\\src\\core\\FlowController.ts": {"path":"C:\\Users\\Natz\\Downloads\\sc\\natzApi\\files\\queue\\src\\core\\FlowController.ts","all":false,"statementMap":{"0":{"start":{"line":1,"column":0},"end":{"line":1,"column":61}},"9":{"start":{"line":10,"column":0},"end":{"line":10,"column":22}},"10":{"start":{"line":11,"column":0},"end":{"line":11,"column":23}},"11":{"start":{"line":12,"column":0},"end":{"line":12,"column":26}},"12":{"start":{"line":13,"column":0},"end":{"line":13,"column":31}},"13":{"start":{"line":14,"column":0},"end":{"line":14,"column":2}},"27":{"start":{"line":28,"column":0},"end":{"line":28,"column":29}},"28":{"start":{"line":29,"column":0},"end":{"line":29,"column":46}},"30":{"start":{"line":31,"column":0},"end":{"line":31,"column":43}},"32":{"start":{"line":33,"column":0},"end":{"line":33,"column":45}},"35":{"start":{"line":36,"column":0},"end":{"line":36,"column":59}},"37":{"start":{"line":38,"column":0},"end":{"line":38,"column":59}},"39":{"start":{"line":40,"column":0},"end":{"line":40,"column":59}},"42":{"start":{"line":43,"column":0},"end":{"line":43,"column":40}},"45":{"start":{"line":46,"column":0},"end":{"line":46,"column":8}},"49":{"start":{"line":50,"column":0},"end":{"line":50,"column":110}},"50":{"start":{"line":51,"column":0},"end":{"line":51,"column":31}},"51":{"start":{"line":52,"column":0},"end":{"line":52,"column":23}},"52":{"start":{"line":53,"column":0},"end":{"line":53,"column":39}},"55":{"start":{"line":56,"column":0},"end":{"line":56,"column":5}},"61":{"start":{"line":62,"column":0},"end":{"line":62,"column":54}},"62":{"start":{"line":63,"column":0},"end":{"line":63,"column":52}},"63":{"start":{"line":64,"column":0},"end":{"line":64,"column":36}},"64":{"start":{"line":65,"column":0},"end":{"line":65,"column":36}},"65":{"start":{"line":66,"column":0},"end":{"line":66,"column":70}},"66":{"start":{"line":67,"column":0},"end":{"line":67,"column":62}},"68":{"start":{"line":69,"column":0},"end":{"line":69,"column":79}},"69":{"start":{"line":70,"column":0},"end":{"line":70,"column":37}},"71":{"start":{"line":72,"column":0},"end":{"line":72,"column":27}},"72":{"start":{"line":73,"column":0},"end":{"line":73,"column":22}},"73":{"start":{"line":74,"column":0},"end":{"line":74,"column":5}},"79":{"start":{"line":80,"column":0},"end":{"line":80,"column":75}},"80":{"start":{"line":81,"column":0},"end":{"line":81,"column":58}},"81":{"start":{"line":82,"column":0},"end":{"line":82,"column":48}},"84":{"start":{"line":85,"column":0},"end":{"line":85,"column":32}},"85":{"start":{"line":86,"column":0},"end":{"line":86,"column":51}},"86":{"start":{"line":87,"column":0},"end":{"line":87,"column":9}},"87":{"start":{"line":88,"column":0},"end":{"line":88,"column":5}},"93":{"start":{"line":94,"column":0},"end":{"line":94,"column":56}},"94":{"start":{"line":95,"column":0},"end":{"line":95,"column":58}},"95":{"start":{"line":96,"column":0},"end":{"line":96,"column":45}},"97":{"start":{"line":98,"column":0},"end":{"line":98,"column":59}},"98":{"start":{"line":99,"column":0},"end":{"line":99,"column":9}},"100":{"start":{"line":101,"column":0},"end":{"line":101,"column":71}},"101":{"start":{"line":102,"column":0},"end":{"line":102,"column":5}},"108":{"start":{"line":109,"column":0},"end":{"line":109,"column":51}},"109":{"start":{"line":110,"column":0},"end":{"line":110,"column":36}},"110":{"start":{"line":111,"column":0},"end":{"line":111,"column":50}},"112":{"start":{"line":113,"column":0},"end":{"line":113,"column":51}},"113":{"start":{"line":114,"column":0},"end":{"line":114,"column":48}},"114":{"start":{"line":115,"column":0},"end":{"line":115,"column":35}},"115":{"start":{"line":116,"column":0},"end":{"line":116,"column":32}},"116":{"start":{"line":117,"column":0},"end":{"line":117,"column":28}},"117":{"start":{"line":118,"column":0},"end":{"line":118,"column":9}},"118":{"start":{"line":119,"column":0},"end":{"line":119,"column":64}},"119":{"start":{"line":120,"column":0},"end":{"line":120,"column":53}},"120":{"start":{"line":121,"column":0},"end":{"line":121,"column":39}},"121":{"start":{"line":122,"column":0},"end":{"line":122,"column":62}},"122":{"start":{"line":123,"column":0},"end":{"line":123,"column":13}},"123":{"start":{"line":124,"column":0},"end":{"line":124,"column":9}},"126":{"start":{"line":127,"column":0},"end":{"line":127,"column":35}},"127":{"start":{"line":128,"column":0},"end":{"line":128,"column":43}},"128":{"start":{"line":129,"column":0},"end":{"line":129,"column":42}},"129":{"start":{"line":130,"column":0},"end":{"line":130,"column":9}},"130":{"start":{"line":131,"column":0},"end":{"line":131,"column":35}},"131":{"start":{"line":132,"column":0},"end":{"line":132,"column":34}},"132":{"start":{"line":133,"column":0},"end":{"line":133,"column":39}},"133":{"start":{"line":134,"column":0},"end":{"line":134,"column":28}},"134":{"start":{"line":135,"column":0},"end":{"line":135,"column":56}},"135":{"start":{"line":136,"column":0},"end":{"line":136,"column":59}},"136":{"start":{"line":137,"column":0},"end":{"line":137,"column":47}},"137":{"start":{"line":138,"column":0},"end":{"line":138,"column":55}},"138":{"start":{"line":139,"column":0},"end":{"line":139,"column":13}},"139":{"start":{"line":140,"column":0},"end":{"line":140,"column":9}},"140":{"start":{"line":141,"column":0},"end":{"line":141,"column":46}},"141":{"start":{"line":142,"column":0},"end":{"line":142,"column":53}},"142":{"start":{"line":143,"column":0},"end":{"line":143,"column":9}},"144":{"start":{"line":145,"column":0},"end":{"line":145,"column":64}},"145":{"start":{"line":146,"column":0},"end":{"line":146,"column":39}},"146":{"start":{"line":147,"column":0},"end":{"line":147,"column":38}},"147":{"start":{"line":148,"column":0},"end":{"line":148,"column":19}},"148":{"start":{"line":149,"column":0},"end":{"line":149,"column":22}},"149":{"start":{"line":150,"column":0},"end":{"line":150,"column":32}},"150":{"start":{"line":151,"column":0},"end":{"line":151,"column":43}},"151":{"start":{"line":152,"column":0},"end":{"line":152,"column":41}},"152":{"start":{"line":153,"column":0},"end":{"line":153,"column":14}},"153":{"start":{"line":154,"column":0},"end":{"line":154,"column":43}},"154":{"start":{"line":155,"column":0},"end":{"line":155,"column":42}},"156":{"start":{"line":157,"column":0},"end":{"line":157,"column":42}},"157":{"start":{"line":158,"column":0},"end":{"line":158,"column":9}},"160":{"start":{"line":161,"column":0},"end":{"line":161,"column":70}},"161":{"start":{"line":162,"column":0},"end":{"line":162,"column":56}},"162":{"start":{"line":163,"column":0},"end":{"line":163,"column":39}},"163":{"start":{"line":164,"column":0},"end":{"line":164,"column":31}},"164":{"start":{"line":165,"column":0},"end":{"line":165,"column":37}},"165":{"start":{"line":166,"column":0},"end":{"line":166,"column":35}},"166":{"start":{"line":167,"column":0},"end":{"line":167,"column":35}},"167":{"start":{"line":168,"column":0},"end":{"line":168,"column":34}},"168":{"start":{"line":169,"column":0},"end":{"line":169,"column":14}},"169":{"start":{"line":170,"column":0},"end":{"line":170,"column":9}},"170":{"start":{"line":171,"column":0},"end":{"line":171,"column":85}},"172":{"start":{"line":173,"column":0},"end":{"line":173,"column":64}},"173":{"start":{"line":174,"column":0},"end":{"line":174,"column":54}},"174":{"start":{"line":175,"column":0},"end":{"line":175,"column":55}},"175":{"start":{"line":176,"column":0},"end":{"line":176,"column":38}},"176":{"start":{"line":177,"column":0},"end":{"line":177,"column":55}},"177":{"start":{"line":178,"column":0},"end":{"line":178,"column":33}},"178":{"start":{"line":179,"column":0},"end":{"line":179,"column":18}},"179":{"start":{"line":180,"column":0},"end":{"line":180,"column":60}},"181":{"start":{"line":182,"column":0},"end":{"line":182,"column":53}},"182":{"start":{"line":183,"column":0},"end":{"line":183,"column":52}},"183":{"start":{"line":184,"column":0},"end":{"line":184,"column":74}},"184":{"start":{"line":185,"column":0},"end":{"line":185,"column":50}},"186":{"start":{"line":187,"column":0},"end":{"line":187,"column":35}},"187":{"start":{"line":188,"column":0},"end":{"line":188,"column":13}},"188":{"start":{"line":189,"column":0},"end":{"line":189,"column":9}},"190":{"start":{"line":191,"column":0},"end":{"line":191,"column":22}},"191":{"start":{"line":192,"column":0},"end":{"line":192,"column":5}},"198":{"start":{"line":199,"column":0},"end":{"line":199,"column":47}},"199":{"start":{"line":200,"column":0},"end":{"line":200,"column":38}},"200":{"start":{"line":201,"column":0},"end":{"line":201,"column":31}},"201":{"start":{"line":202,"column":0},"end":{"line":202,"column":40}},"202":{"start":{"line":203,"column":0},"end":{"line":203,"column":92}},"203":{"start":{"line":204,"column":0},"end":{"line":204,"column":38}},"204":{"start":{"line":205,"column":0},"end":{"line":205,"column":56}},"205":{"start":{"line":206,"column":0},"end":{"line":206,"column":46}},"206":{"start":{"line":207,"column":0},"end":{"line":207,"column":65}},"207":{"start":{"line":208,"column":0},"end":{"line":208,"column":27}},"208":{"start":{"line":209,"column":0},"end":{"line":209,"column":21}},"209":{"start":{"line":210,"column":0},"end":{"line":210,"column":26}},"210":{"start":{"line":211,"column":0},"end":{"line":211,"column":17}},"211":{"start":{"line":212,"column":0},"end":{"line":212,"column":39}},"212":{"start":{"line":213,"column":0},"end":{"line":213,"column":72}},"213":{"start":{"line":214,"column":0},"end":{"line":214,"column":65}},"214":{"start":{"line":215,"column":0},"end":{"line":215,"column":68}},"215":{"start":{"line":216,"column":0},"end":{"line":216,"column":63}},"216":{"start":{"line":217,"column":0},"end":{"line":217,"column":21}},"217":{"start":{"line":218,"column":0},"end":{"line":218,"column":26}},"218":{"start":{"line":219,"column":0},"end":{"line":219,"column":17}},"219":{"start":{"line":220,"column":0},"end":{"line":220,"column":40}},"220":{"start":{"line":221,"column":0},"end":{"line":221,"column":54}},"221":{"start":{"line":222,"column":0},"end":{"line":222,"column":26}},"222":{"start":{"line":223,"column":0},"end":{"line":223,"column":17}},"223":{"start":{"line":224,"column":0},"end":{"line":224,"column":38}},"224":{"start":{"line":225,"column":0},"end":{"line":225,"column":92}},"225":{"start":{"line":226,"column":0},"end":{"line":226,"column":38}},"226":{"start":{"line":227,"column":0},"end":{"line":227,"column":83}},"227":{"start":{"line":228,"column":0},"end":{"line":228,"column":55}},"228":{"start":{"line":229,"column":0},"end":{"line":229,"column":45}},"229":{"start":{"line":230,"column":0},"end":{"line":230,"column":51}},"230":{"start":{"line":231,"column":0},"end":{"line":231,"column":49}},"231":{"start":{"line":232,"column":0},"end":{"line":232,"column":49}},"232":{"start":{"line":233,"column":0},"end":{"line":233,"column":76}},"233":{"start":{"line":234,"column":0},"end":{"line":234,"column":31}},"234":{"start":{"line":235,"column":0},"end":{"line":235,"column":68}},"236":{"start":{"line":237,"column":0},"end":{"line":237,"column":68}},"237":{"start":{"line":238,"column":0},"end":{"line":238,"column":25}},"238":{"start":{"line":239,"column":0},"end":{"line":239,"column":21}},"239":{"start":{"line":240,"column":0},"end":{"line":240,"column":26}},"240":{"start":{"line":241,"column":0},"end":{"line":241,"column":17}},"241":{"start":{"line":242,"column":0},"end":{"line":242,"column":42}},"242":{"start":{"line":243,"column":0},"end":{"line":243,"column":90}},"243":{"start":{"line":244,"column":0},"end":{"line":244,"column":39}},"244":{"start":{"line":245,"column":0},"end":{"line":245,"column":71}},"245":{"start":{"line":246,"column":0},"end":{"line":246,"column":38}},"246":{"start":{"line":247,"column":0},"end":{"line":247,"column":75}},"247":{"start":{"line":248,"column":0},"end":{"line":248,"column":25}},"248":{"start":{"line":249,"column":0},"end":{"line":249,"column":21}},"249":{"start":{"line":250,"column":0},"end":{"line":250,"column":26}},"250":{"start":{"line":251,"column":0},"end":{"line":251,"column":17}},"251":{"start":{"line":252,"column":0},"end":{"line":252,"column":13}},"252":{"start":{"line":253,"column":0},"end":{"line":253,"column":9}},"253":{"start":{"line":254,"column":0},"end":{"line":254,"column":5}},"257":{"start":{"line":258,"column":0},"end":{"line":258,"column":63}},"258":{"start":{"line":259,"column":0},"end":{"line":259,"column":47}},"259":{"start":{"line":260,"column":0},"end":{"line":260,"column":26}},"260":{"start":{"line":261,"column":0},"end":{"line":261,"column":48}},"261":{"start":{"line":262,"column":0},"end":{"line":262,"column":45}},"262":{"start":{"line":263,"column":0},"end":{"line":263,"column":41}},"264":{"start":{"line":265,"column":0},"end":{"line":265,"column":55}},"265":{"start":{"line":266,"column":0},"end":{"line":266,"column":19}},"266":{"start":{"line":267,"column":0},"end":{"line":267,"column":9}},"267":{"start":{"line":268,"column":0},"end":{"line":268,"column":48}},"268":{"start":{"line":269,"column":0},"end":{"line":269,"column":38}},"270":{"start":{"line":271,"column":0},"end":{"line":271,"column":79}},"271":{"start":{"line":272,"column":0},"end":{"line":272,"column":69}},"272":{"start":{"line":273,"column":0},"end":{"line":273,"column":37}},"274":{"start":{"line":275,"column":0},"end":{"line":275,"column":27}},"275":{"start":{"line":276,"column":0},"end":{"line":276,"column":5}},"278":{"start":{"line":279,"column":0},"end":{"line":279,"column":78}},"279":{"start":{"line":280,"column":0},"end":{"line":280,"column":67}},"280":{"start":{"line":281,"column":0},"end":{"line":281,"column":62}},"282":{"start":{"line":283,"column":0},"end":{"line":283,"column":46}},"284":{"start":{"line":285,"column":0},"end":{"line":285,"column":56}},"285":{"start":{"line":286,"column":0},"end":{"line":286,"column":57}},"286":{"start":{"line":287,"column":0},"end":{"line":287,"column":59}},"288":{"start":{"line":289,"column":0},"end":{"line":289,"column":62}},"289":{"start":{"line":290,"column":0},"end":{"line":290,"column":27}},"290":{"start":{"line":291,"column":0},"end":{"line":291,"column":52}},"291":{"start":{"line":292,"column":0},"end":{"line":292,"column":19}},"292":{"start":{"line":293,"column":0},"end":{"line":293,"column":73}},"293":{"start":{"line":294,"column":0},"end":{"line":294,"column":42}},"294":{"start":{"line":295,"column":0},"end":{"line":295,"column":76}},"295":{"start":{"line":296,"column":0},"end":{"line":296,"column":37}},"296":{"start":{"line":297,"column":0},"end":{"line":297,"column":22}},"297":{"start":{"line":298,"column":0},"end":{"line":298,"column":49}},"298":{"start":{"line":299,"column":0},"end":{"line":299,"column":50}},"300":{"start":{"line":301,"column":0},"end":{"line":301,"column":55}},"301":{"start":{"line":302,"column":0},"end":{"line":302,"column":49}},"303":{"start":{"line":304,"column":0},"end":{"line":304,"column":39}},"304":{"start":{"line":305,"column":0},"end":{"line":305,"column":17}},"305":{"start":{"line":306,"column":0},"end":{"line":306,"column":13}},"306":{"start":{"line":307,"column":0},"end":{"line":307,"column":9}},"307":{"start":{"line":308,"column":0},"end":{"line":308,"column":5}},"310":{"start":{"line":311,"column":0},"end":{"line":311,"column":73}},"311":{"start":{"line":312,"column":0},"end":{"line":312,"column":42}},"312":{"start":{"line":313,"column":0},"end":{"line":313,"column":40}},"314":{"start":{"line":315,"column":0},"end":{"line":315,"column":37}},"315":{"start":{"line":316,"column":0},"end":{"line":316,"column":46}},"316":{"start":{"line":317,"column":0},"end":{"line":317,"column":60}},"317":{"start":{"line":318,"column":0},"end":{"line":318,"column":77}},"318":{"start":{"line":319,"column":0},"end":{"line":319,"column":40}},"319":{"start":{"line":320,"column":0},"end":{"line":320,"column":42}},"320":{"start":{"line":321,"column":0},"end":{"line":321,"column":49}},"321":{"start":{"line":322,"column":0},"end":{"line":322,"column":50}},"322":{"start":{"line":323,"column":0},"end":{"line":323,"column":57}},"324":{"start":{"line":325,"column":0},"end":{"line":325,"column":94}},"325":{"start":{"line":326,"column":0},"end":{"line":326,"column":17}},"326":{"start":{"line":327,"column":0},"end":{"line":327,"column":13}},"327":{"start":{"line":328,"column":0},"end":{"line":328,"column":9}},"328":{"start":{"line":329,"column":0},"end":{"line":329,"column":5}},"329":{"start":{"line":330,"column":0},"end":{"line":330,"column":1}}},"s":{"0":1,"9":1,"10":1,"11":1,"12":1,"13":1,"27":1,"28":92,"30":92,"32":92,"35":92,"37":92,"39":92,"42":92,"45":92,"49":92,"50":92,"51":92,"52":92,"55":92,"61":92,"62":13,"63":12,"64":12,"65":12,"66":12,"68":13,"69":13,"71":12,"72":12,"73":13,"79":92,"80":25,"81":7,"84":19,"85":7,"86":7,"87":25,"93":92,"94":6,"95":2,"97":2,"98":2,"100":6,"101":6,"108":92,"109":9,"110":9,"112":9,"113":9,"114":9,"115":21,"116":21,"117":21,"118":9,"119":21,"120":14,"121":14,"122":14,"123":21,"126":9,"127":9,"128":21,"129":21,"130":9,"131":9,"132":19,"133":19,"134":19,"135":12,"136":12,"137":12,"138":12,"139":19,"140":9,"141":1,"142":1,"144":9,"145":19,"146":19,"147":19,"148":19,"149":19,"150":19,"151":19,"152":19,"153":19,"154":19,"156":19,"157":19,"160":8,"161":9,"162":19,"163":19,"164":19,"165":19,"166":19,"167":19,"168":19,"169":19,"170":9,"172":9,"173":19,"174":10,"175":10,"176":10,"177":10,"178":10,"179":10,"181":10,"182":10,"183":10,"184":10,"186":10,"187":10,"188":19,"190":8,"191":9,"198":92,"199":7,"200":12,"201":12,"202":4,"203":4,"204":3,"205":3,"206":3,"207":3,"208":3,"209":4,"210":4,"211":12,"212":2,"213":2,"214":2,"215":1,"216":1,"217":2,"218":2,"219":12,"220":1,"221":1,"222":1,"223":12,"224":3,"225":3,"226":2,"227":4,"228":4,"229":4,"230":4,"231":4,"232":4,"233":4,"234":4,"236":4,"237":4,"238":2,"239":3,"240":3,"241":12,"242":2,"243":2,"244":1,"245":1,"246":1,"247":1,"248":1,"249":2,"250":2,"251":12,"252":12,"253":7,"257":92,"258":7,"259":7,"260":7,"261":7,"262":2,"264":2,"265":2,"266":2,"267":5,"268":5,"270":7,"271":7,"272":7,"274":5,"275":7,"278":92,"279":7,"280":7,"282":6,"284":7,"285":14,"286":7,"288":7,"289":7,"290":7,"291":7,"292":7,"293":6,"294":6,"295":6,"296":6,"297":6,"298":6,"300":6,"301":6,"303":6,"304":6,"305":7,"306":14,"307":7,"310":92,"311":6,"312":6,"314":6,"315":6,"316":6,"317":2,"318":0,"319":0,"320":0,"321":0,"322":0,"324":0,"325":0,"326":2,"327":6,"328":6,"329":92},"branchMap":{"0":{"type":"branch","line":28,"loc":{"start":{"line":28,"column":28},"end":{"line":330,"column":1}},"locations":[{"start":{"line":28,"column":28},"end":{"line":330,"column":1}}]},"1":{"type":"branch","line":50,"loc":{"start":{"line":50,"column":4},"end":{"line":56,"column":5}},"locations":[{"start":{"line":50,"column":4},"end":{"line":56,"column":5}}]},"2":{"type":"branch","line":50,"loc":{"start":{"line":50,"column":98},"end":{"line":50,"column":109}},"locations":[{"start":{"line":50,"column":98},"end":{"line":50,"column":109}}]},"3":{"type":"branch","line":62,"loc":{"start":{"line":62,"column":4},"end":{"line":74,"column":5}},"locations":[{"start":{"line":62,"column":4},"end":{"line":74,"column":5}}]},"4":{"type":"branch","line":63,"loc":{"start":{"line":63,"column":32},"end":{"line":63,"column":52}},"locations":[{"start":{"line":63,"column":32},"end":{"line":63,"column":52}}]},"5":{"type":"branch","line":63,"loc":{"start":{"line":63,"column":50},"end":{"line":69,"column":18}},"locations":[{"start":{"line":63,"column":50},"end":{"line":69,"column":18}}]},"6":{"type":"branch","line":69,"loc":{"start":{"line":69,"column":13},"end":{"line":69,"column":25}},"locations":[{"start":{"line":69,"column":13},"end":{"line":69,"column":25}}]},"7":{"type":"branch","line":70,"loc":{"start":{"line":70,"column":35},"end":{"line":73,"column":22}},"locations":[{"start":{"line":70,"column":35},"end":{"line":73,"column":22}}]},"8":{"type":"branch","line":80,"loc":{"start":{"line":80,"column":4},"end":{"line":88,"column":5}},"locations":[{"start":{"line":80,"column":4},"end":{"line":88,"column":5}}]},"9":{"type":"branch","line":81,"loc":{"start":{"line":81,"column":16},"end":{"line":81,"column":57}},"locations":[{"start":{"line":81,"column":16},"end":{"line":81,"column":57}}]},"10":{"type":"branch","line":81,"loc":{"start":{"line":81,"column":57},"end":{"line":87,"column":9}},"locations":[{"start":{"line":81,"column":57},"end":{"line":87,"column":9}}]},"11":{"type":"branch","line":81,"loc":{"start":{"line":81,"column":57},"end":{"line":85,"column":19}},"locations":[{"start":{"line":81,"column":57},"end":{"line":85,"column":19}}]},"12":{"type":"branch","line":85,"loc":{"start":{"line":85,"column":8},"end":{"line":87,"column":9}},"locations":[{"start":{"line":85,"column":8},"end":{"line":87,"column":9}}]},"13":{"type":"branch","line":85,"loc":{"start":{"line":85,"column":31},"end":{"line":87,"column":9}},"locations":[{"start":{"line":85,"column":31},"end":{"line":87,"column":9}}]},"14":{"type":"branch","line":94,"loc":{"start":{"line":94,"column":4},"end":{"line":102,"column":5}},"locations":[{"start":{"line":94,"column":4},"end":{"line":102,"column":5}}]},"15":{"type":"branch","line":95,"loc":{"start":{"line":95,"column":16},"end":{"line":95,"column":57}},"locations":[{"start":{"line":95,"column":16},"end":{"line":95,"column":57}}]},"16":{"type":"branch","line":95,"loc":{"start":{"line":95,"column":57},"end":{"line":99,"column":9}},"locations":[{"start":{"line":95,"column":57},"end":{"line":99,"column":9}}]},"17":{"type":"branch","line":98,"loc":{"start":{"line":98,"column":17},"end":{"line":98,"column":29}},"locations":[{"start":{"line":98,"column":17},"end":{"line":98,"column":29}}]},"18":{"type":"branch","line":109,"loc":{"start":{"line":109,"column":4},"end":{"line":192,"column":5}},"locations":[{"start":{"line":109,"column":4},"end":{"line":192,"column":5}}]},"19":{"type":"branch","line":115,"loc":{"start":{"line":115,"column":34},"end":{"line":118,"column":9}},"locations":[{"start":{"line":115,"column":34},"end":{"line":118,"column":9}}]},"20":{"type":"branch","line":119,"loc":{"start":{"line":119,"column":63},"end":{"line":124,"column":9}},"locations":[{"start":{"line":119,"column":63},"end":{"line":124,"column":9}}]},"21":{"type":"branch","line":120,"loc":{"start":{"line":120,"column":35},"end":{"line":120,"column":52}},"locations":[{"start":{"line":120,"column":35},"end":{"line":120,"column":52}}]},"22":{"type":"branch","line":120,"loc":{"start":{"line":120,"column":52},"end":{"line":123,"column":13}},"locations":[{"start":{"line":120,"column":52},"end":{"line":123,"column":13}}]},"23":{"type":"branch","line":122,"loc":{"start":{"line":122,"column":49},"end":{"line":122,"column":59}},"locations":[{"start":{"line":122,"column":49},"end":{"line":122,"column":59}}]},"24":{"type":"branch","line":128,"loc":{"start":{"line":128,"column":42},"end":{"line":130,"column":9}},"locations":[{"start":{"line":128,"column":42},"end":{"line":130,"column":9}}]},"25":{"type":"branch","line":129,"loc":{"start":{"line":129,"column":27},"end":{"line":129,"column":42}},"locations":[{"start":{"line":129,"column":27},"end":{"line":129,"column":42}}]},"26":{"type":"branch","line":132,"loc":{"start":{"line":132,"column":33},"end":{"line":140,"column":9}},"locations":[{"start":{"line":132,"column":33},"end":{"line":140,"column":9}}]},"27":{"type":"branch","line":135,"loc":{"start":{"line":135,"column":46},"end":{"line":135,"column":55}},"locations":[{"start":{"line":135,"column":46},"end":{"line":135,"column":55}}]},"28":{"type":"branch","line":135,"loc":{"start":{"line":135,"column":55},"end":{"line":139,"column":13}},"locations":[{"start":{"line":135,"column":55},"end":{"line":139,"column":13}}]},"29":{"type":"branch","line":138,"loc":{"start":{"line":138,"column":34},"end":{"line":138,"column":55}},"locations":[{"start":{"line":138,"column":34},"end":{"line":138,"column":55}}]},"30":{"type":"branch","line":141,"loc":{"start":{"line":141,"column":45},"end":{"line":143,"column":9}},"locations":[{"start":{"line":141,"column":45},"end":{"line":143,"column":9}}]},"31":{"type":"branch","line":143,"loc":{"start":{"line":143,"column":8},"end":{"line":145,"column":63}},"locations":[{"start":{"line":143,"column":8},"end":{"line":145,"column":63}}]},"32":{"type":"branch","line":145,"loc":{"start":{"line":145,"column":63},"end":{"line":158,"column":9}},
[...]
,"C:\\Users\\Natz\\Downloads\\sc\\natzApi\\files\\queue\\src\\utils\\circuitBreaker.ts": {"path":"C:\\Users\\Natz\\Downloads\\sc\\natzApi\\files\\queue\\src\\utils\\circuitBreaker.ts","all":false,"statementMap":{"21":{"start":{"line":22,"column":0},"end":{"line":22,"column":29}},"22":{"start":{"line":23,"column":0},"end":{"line":23,"column":43}},"23":{"start":{"line":24,"column":0},"end":{"line":24,"column":29}},"24":{"start":{"line":25,"column":0},"end":{"line":25,"column":29}},"25":{"start":{"line":26,"column":0},"end":{"line":26,"column":49}},"27":{"start":{"line":28,"column":0},"end":{"line":28,"column":46}},"28":{"start":{"line":29,"column":0},"end":{"line":29,"column":25}},"29":{"start":{"line":30,"column":0},"end":{"line":30,"column":5}},"31":{"start":{"line":32,"column":0},"end":{"line":32,"column":27}},"32":{"start":{"line":33,"column":0},"end":{"line":33,"column":37}},"33":{"start":{"line":34,"column":0},"end":{"line":34,"column":5}},"35":{"start":{"line":36,"column":0},"end":{"line":36,"column":38}},"36":{"start":{"line":37,"column":0},"end":{"line":37,"column":26}},"37":{"start":{"line":38,"column":0},"end":{"line":38,"column":5}},"43":{"start":{"line":44,"column":0},"end":{"line":44,"column":56}},"44":{"start":{"line":45,"column":0},"end":{"line":45,"column":36}},"45":{"start":{"line":46,"column":0},"end":{"line":46,"column":59}},"46":{"start":{"line":47,"column":0},"end":{"line":47,"column":54}},"47":{"start":{"line":48,"column":0},"end":{"line":48,"column":41}},"48":{"start":{"line":49,"column":0},"end":{"line":49,"column":20}},"49":{"start":{"line":50,"column":0},"end":{"line":50,"column":66}},"50":{"start":{"line":51,"column":0},"end":{"line":51,"column":13}},"51":{"start":{"line":52,"column":0},"end":{"line":52,"column":9}},"53":{"start":{"line":54,"column":0},"end":{"line":54,"column":13}},"54":{"start":{"line":55,"column":0},"end":{"line":55,"column":38}},"55":{"start":{"line":56,"column":0},"end":{"line":56,"column":29}},"56":{"start":{"line":57,"column":0},"end":{"line":57,"column":26}},"57":{"start":{"line":58,"column":0},"end":{"line":58,"column":23}},"58":{"start":{"line":59,"column":0},"end":{"line":59,"column":29}},"59":{"start":{"line":60,"column":0},"end":{"line":60,"column":22}},"60":{"start":{"line":61,"column":0},"end":{"line":61,"column":9}},"61":{"start":{"line":62,"column":0},"end":{"line":62,"column":5}},"63":{"start":{"line":64,"column":0},"end":{"line":64,"column":31}},"64":{"start":{"line":65,"column":0},"end":{"line":65,"column":30}},"65":{"start":{"line":66,"column":0},"end":{"line":66,"column":30}},"66":{"start":{"line":67,"column":0},"end":{"line":67,"column":5}},"68":{"start":{"line":69,"column":0},"end":{"line":69,"column":31}},"69":{"start":{"line":70,"column":0},"end":{"line":70,"column":31}},"70":{"start":{"line":71,"column":0},"end":{"line":71,"column":62}},"71":{"start":{"line":72,"column":0},"end":{"line":72,"column":32}},"72":{"start":{"line":73,"column":0},"end":{"line":73,"column":43}},"73":{"start":{"line":74,"column":0},"end":{"line":74,"column":9}},"74":{"start":{"line":75,"column":0},"end":{"line":75,"column":5}},"77":{"start":{"line":78,"column":0},"end":{"line":78,"column":19}},"78":{"start":{"line":79,"column":0},"end":{"line":79,"column":30}},"79":{"start":{"line":80,"column":0},"end":{"line":80,"column":30}},"80":{"start":{"line":81,"column":0},"end":{"line":81,"column":30}},"81":{"start":{"line":82,"column":0},"end":{"line":82,"column":5}},"82":{"start":{"line":83,"column":0},"end":{"line":83,"column":1}}},"s":{"21":1,"22":5,"23":5,"24":5,"25":5,"27":5,"28":5,"29":5,"31":5,"32":5,"33":5,"35":5,"36":5,"37":5,"43":5,"44":9,"45":3,"46":3,"47":2,"48":3,"49":1,"50":1,"51":3,"53":8,"54":8,"55":2,"56":2,"57":9,"58":6,"59":6,"60":6,"61":9,"63":5,"64":2,"65":2,"66":2,"68":5,"69":6,"70":6,"71":5,"72":5,"73":5,"74":6,"77":5,"78":1,"79":1,"80":1,"81":1,"82":5},"branchMap":{"0":{"type":"branch","line":22,"loc":{"start":{"line":22,"column":28},"end":{"line":83,"column":1}},"locations":[{"start":{"line":22,"column":28},"end":{"line":83,"column":1}}]},"1":{"type":"branch","line":28,"loc":{"start":{"line":28,"column":4},"end":{"line":30,"column":5}},"locations":[{"start":{"line":28,"column":4},"end":{"line":30,"column":5}}]},"2":{"type":"branch","line":32,"loc":{"start":{"line":32,"column":4},"end":{"line":34,"column":5}},"locations":[{"start":{"line":32,"column":4},"end":{"line":34,"column":5}}]},"3":{"type":"branch","line":36,"loc":{"start":{"line":36,"column":4},"end":{"line":38,"column":5}},"locations":[{"start":{"line":36,"column":4},"end":{"line":38,"column":5}}]},"4":{"type":"branch","line":44,"loc":{"start":{"line":44,"column":4},"end":{"line":62,"column":5}},"locations":[{"start":{"line":44,"column":4},"end":{"line":62,"column":5}}]},"5":{"type":"branch","line":45,"loc":{"start":{"line":45,"column":35},"end":{"line":52,"column":9}},"locations":[{"start":{"line":45,"column":35},"end":{"line":52,"column":9}}]},"6":{"type":"branch","line":47,"loc":{"start":{"line":47,"column":53},"end":{"line":49,"column":19}},"locations":[{"start":{"line":47,"column":53},"end":{"line":49,"column":19}}]},"7":{"type":"branch","line":49,"loc":{"start":{"line":49,"column":12},"end":{"line":51,"column":13}},"locations":[{"start":{"line":49,"column":12},"end":{"line":51,"column":13}}]},"8":{"type":"branch","line":52,"loc":{"start":{"line":52,"column":8},"end":{"line":55,"column":38}},"locations":[{"start":{"line":52,"column":8},"end":{"line":55,"column":38}}]},"9":{"type":"branch","line":55,"loc":{"start":{"line":55,"column":36},"end":{"line":58,"column":17}},"locations":[{"start":{"line":55,"column":36},"end":{"line":58,"column":17}}]},"10":{"type":"branch","line":58,"loc":{"start":{"line":58,"column":8},"end":{"line":61,"column":9}},"locations":[{"start":{"line":58,"column":8},"end":{"line":61,"column":9}}]},"11":{"type":"branch","line":64,"loc":{"start":{"line":64,"column":12},"end":{"line":67,"column":5}},"locations":[{"start":{"line":64,"column":12},"end":{"line":67,"column":5}}]},"12":{"type":"branch","line":69,"loc":{"start":{"line":69,"column":12},"end":{"line":75,"column":5}},"locations":[{"start":{"line":69,"column":12},"end":{"line":75,"column":5}}]},"13":{"type":"branch","line":71,"loc":{"start":{"line":71,"column":61},"end":{"line":74,"column":9}},"locations":[{"start":{"line":71,"column":61},"end":{"line":74,"column":9}}]},"14":{"type":"branch","line":78,"loc":{"start":{"line":78,"column":4},"end":{"line":82,"column":5}},"locations":[{"start":{"line":78,"column":4},"end":{"line":82,"column":5}}]}},"b":{"0":[5],"1":[5],"2":[5],"3":[5],"4":[9],"5":[3],"6":[2],"7":[1],"8":[8],"9":[2],"10":[6],"11":[2],"12":[6],"13":[5],"14":[1]},"fnMap":{"0":{"name":"<instance_members_initializer>","decl":{"start":{"line":22,"column":28},"end":{"line":83,"column":1}},"loc":{"start":{"line":22,"column":28},"end":{"line":83,"column":1}},"line":22},"1":{"name":"CircuitBreaker","decl":{"start":{"line":28,"column":4},"end":{"line":30,"column":5}},"loc":{"start":{"line":28,"column":4},"end":{"line":30,"column":5}},"line":28},"2":{"name":"get isOpen","decl":{"start":{"line":32,"column":4},"end":{"line":34,"column":5}},"loc":{"start":{"line":32,"column":4},"end":{"line":34,"column":5}},"line":32},"3":{"name":"get currentState","decl":{"start":{"line":36,"column":4},"end":{"line":38,"column":5}},"loc":{"start":{"line":36,"column":4},"end":{"line":38,"column":5}},"line":36},"4":{"name":"execute","decl":{"start":{"line":44,"column":4},"end":{"line":62,"column":5}},"loc":{"start":{"line":44,"column":4},"end":{"line":62,"column":5}},"line":44},"5":{"name":"onSuccess","decl":{"start":{"line":64,"column":12},"end":{"line":67,"column":5}},"loc":{"start":{"line":64,"column":12},"end":{"line":67,"column":5}},"line":64},"6":{"name":"onFailure","decl":{"start":{"line":69,"column":12},"end":{"line":75,"column":5}},"loc":{"start":{"line":69,"column":12},"end":{"line":75,"column":5}},"line":69},"7":{"name":"reset","decl":{"start":{"line":78,"column":4},"end":{"line":82,"column":5}},"loc":{"start":{"line":78,"column":4},"end":{"line":82,"column":5}},"line":78}},"f":{"0":5,"1":5,"2":5,"3":5,"4":9,"5":2,"6":6,"7":1}}
,"C:\\Users\\Natz\\Downloads\\sc\\natzApi\\files\\queue\\src\\utils\\clock.ts": {"path":"C:\\Users\\Natz\\Downloads\\sc\\natzApi\\files\\queue\\src\\utils\\clock.ts","all":false,"statementMap":{"9":{"start":{"line":10,"column":0},"end":{"line":10,"column":44}},"10":{"start":{"line":11,"column":0},"end":{"line":11,"column":19}},"11":{"start":{"line":12,"column":0},"end":{"line":12,"column":26}},"12":{"start":{"line":13,"column":0},"end":{"line":13,"column":5}},"13":{"start":{"line":14,"column":0},"end":{"line":14,"column":1}},"16":{"start":{"line":17,"column":0},"end":{"line":17,"column":53}}},"s":{"9":1,"10":1,"11":90,"12":90,"13":1,"16":1},"branchMap":{"0":{"type":"branch","line":11,"loc":{"start":{"line":11,"column":4},"end":{"line":13,"column":5}},"locations":[{"start":{"line":11,"column":4},"end":{"line":13,"column":5}}]}},"b":{"0":[90]},"fnMap":{"0":{"name":"now","decl":{"start":{"line":11,"column":4},"end":{"line":13,"column":5}},"loc":{"start":{"line":11,"column":4},"end":{"line":13,"column":5}},"line":11}},"f":{"0":90}}
,"C:\\Users\\Natz\\Downloads\\sc\\natzApi\\files\\queue\\src\\utils\\idGenerator.ts": {"path":"C:\\Users\\Natz\\Downloads\\sc\\natzApi\\files\\queue\\src\\utils\\idGenerator.ts","all":false,"statementMap":{"0":{"start":{"line":1,"column":0},"end":{"line":1,"column":40}},"2":{"start":{"line":3,"column":0},"end":{"line":3,"column":32}},"9":{"start":{"line":10,"column":0},"end":{"line":10,"column":38}},"10":{"start":{"line":11,"column":0},"end":{"line":11,"column":18}},"11":{"start":{"line":12,"column":0},"end":{"line":12,"column":1}}},"s":{"0":1,"2":1,"9":1,"10":226,"11":226},"branchMap":{"0":{"type":"branch","line":10,"loc":{"start":{"line":10,"column":7},"end":{"line":12,"column":1}},"locations":[{"start":{"line":10,"column":7},"end":{"line":12,"column":1}}]}},"b":{"0":[226]},"fnMap":{"0":{"name":"generateId","decl":{"start":{"line":10,"column":7},"end":{"line":12,"column":1}},"loc":{"start":{"line":10,"column":7},"end":{"line":12,"column":1}},"line":10}},"f":{"0":226}}
,"C:\\Users\\Natz\\Downloads\\sc\\natzApi\\files\\queue\\src\\utils\\logger.ts": {"path":"C:\\Users\\Natz\\Downloads\\sc\\natzApi\\files\\queue\\src\\utils\\logger.ts","all":false,"statementMap":{"12":{"start":{"line":13,"column":0},"end":{"line":13,"column":47}},"13":{"start":{"line":14,"column":0},"end":{"line":14,"column":36}},"15":{"start":{"line":16,"column":0},"end":{"line":16,"column":44}},"16":{"start":{"line":17,"column":0},"end":{"line":17,"column":29}},"17":{"start":{"line":18,"column":0},"end":{"line":18,"column":5}},"19":{"start":{"line":20,"column":0},"end":{"line":20,"column":77}},"20":{"start":{"line":21,"column":0},"end":{"line":21,"column":25}},"21":{"start":{"line":22,"column":0},"end":{"line":22,"column":48}},"22":{"start":{"line":23,"column":0},"end":{"line":23,"column":18}},"23":{"start":{"line":24,"column":0},"end":{"line":24,"column":32}},"24":{"start":{"line":25,"column":0},"end":{"line":25,"column":25}},"25":{"start":{"line":26,"column":0},"end":{"line":26,"column":54}},"26":{"start":{"line":27,"column":0},"end":{"line":27,"column":10}},"27":{"start":{"line":28,"column":0},"end":{"line":28,"column":39}},"28":{"start":{"line":29,"column":0},"end":{"line":29,"column":5}},"30":{"start":{"line":31,"column":0},"end":{"line":31,"column":54}},"31":{"start":{"line":32,"column":0},"end":{"line":32,"column":59}},"32":{"start":{"line":33,"column":0},"end":{"line":33,"column":5}},"34":{"start":{"line":35,"column":0},"end":{"line":35,"column":53}},"35":{"start":{"line":36,"column":0},"end":{"line":36,"column":57}},"36":{"start":{"line":37,"column":0},"end":{"line":37,"column":5}},"38":{"start":{"line":39,"column":0},"end":{"line":39,"column":53}},"39":{"start":{"line":40,"column":0},"end":{"line":40,"column":57}},"40":{"start":{"line":41,"column":0},"end":{"line":41,"column":5}},"42":{"start":{"line":43,"column":0},"end":{"line":43,"column":54}},"44":{"start":{"line":45,"column":0},"end":{"line":45,"column":48}},"45":{"start":{"line":46,"column":0},"end":{"line":46,"column":99}},"46":{"start":{"line":47,"column":0},"end":{"line":47,"column":10}},"47":{"start":{"line":48,"column":0},"end":{"line":48,"column":71}},"48":{"start":{"line":49,"column":0},"end":{"line":49,"column":5}},"49":{"start":{"line":50,"column":0},"end":{"line":50,"column":1}},"52":{"start":{"line":53,"column":0},"end":{"line":53,"column":44}},"53":{"start":{"line":54,"column":0},"end":{"line":54,"column":69}},"54":{"start":{"line":55,"column":0},"end":{"line":55,"column":68}},"55":{"start":{"line":56,"column":0},"end":{"line":56,"column":68}},"56":{"start":{"line":57,"column":0},"end":{"line":57,"column":69}},"57":{"start":{"line":58,"column":0},"end":{"line":58,"column":1}},"60":{"start":{"line":61,"column":0},"end":{"line":61,"column":58}}},"s":{"12":1,"13":3,"15":3,"16":3,"17":3,"19":3,"20":13,"21":13,"22":13,"23":13,"24":13,"25":13,"26":13,"27":13,"28":13,"30":3,"31":5,"32":5,"34":3,"35":4,"36":4,"38":3,"39":2,"40":2,"42":3,"44":2,"45":3,"46":2,"47":2,"48":2,"49":3,"52":1,"53":1,"54":1,"55":1,"56":1,"57":1,"60":1},"branchMap":{"0":{"type":"branch","line":13,"loc":{"start":{"line":13,"column":46},"end":{"line":50,"column":1}},"locations":[{"start":{"line":13,"column":46},"end":{"line":50,"column":1}}]},"1":{"type":"branch","line":16,"loc":{"start":{"line":16,"column":4},"end":{"line":18,"column":5}},"locations":[{"start":{"line":16,"column":4},"end":{"line":18,"column":5}}]},"2":{"type":"branch","line":20,"loc":{"start":{"line":20,"column":12},"end":{"line":29,"column":5}},"locations":[{"start":{"line":20,"column":12},"end":{"line":29,"column":5}}]},"3":{"type":"branch","line":26,"loc":{"start":{"line":26,"column":30},"end":{"line":26,"column":51}},"locations":[{"start":{"line":26,"column":30},"end":{"line":26,"column":51}}]},"4":{"type":"branch","line":26,"loc":{"start":{"line":26,"column":47},"end":{"line":26,"column":54}},"locations":[{"start":{"line":26,"column":47},"end":{"line":26,"column":54}}]},"5":{"type":"branch","line":31,"loc":{"start":{"line":31,"column":4},"end":{"line":33,"column":5}},"locations":[{"start":{"line":31,"column":4},"end":{"line":33,"column":5}}]},"6":{"type":"branch","line":35,"loc":{"start":{"line":35,"column":4},"end":{"line":37,"column":5}},"locations":[{"start":{"line":35,"column":4},"end":{"line":37,"column":5}}]},"7":{"type":"branch","line":39,"loc":{"start":{"line":39,"column":4},"end":{"line":41,"column":5}},"locations":[{"start":{"line":39,"column":4},"end":{"line":41,"column":5}}]},"8":{"type":"branch","line":43,"loc":{"start":{"line":43,"column":4},"end":{"line":49,"column":5}},"locations":[{"start":{"line":43,"column":4},"end":{"line":49,"column":5}}]},"9":{"type":"branch","line":45,"loc":{"start":{"line":45,"column":42},"end":{"line":46,"column":99}},"locations":[{"start":{"line":45,"column":42},"end":{"line":46,"column":99}}]},"10":{"type":"branch","line":46,"loc":{"start":{"line":46,"column":27},"end":{"line":46,"column":96}},"locations":[{"start":{"line":46,"column":27},"end":{"line":46,"column":96}}]},"11":{"type":"branch","line":46,"loc":{"start":{"line":46,"column":92},"end":{"line":46,"column":99}},"locations":[{"start":{"line":46,"column":92},"end":{"line":46,"column":99}}]},"12":{"type":"branch","line":54,"loc":{"start":{"line":54,"column":4},"end":{"line":54,"column":69}},"locations":[{"start":{"line":54,"column":4},"end":{"line":54,"column":69}}]},"13":{"type":"branch","line":55,"loc":{"start":{"line":55,"column":4},"end":{"line":55,"column":68}},"locations":[{"start":{"line":55,"column":4},"end":{"line":55,"column":68}}]},"14":{"type":"branch","line":56,"loc":{"start":{"line":56,"column":4},"end":{"line":56,"column":68}},"locations":[{"start":{"line":56,"column":4},"end":{"line":56,"column":68}}]},"15":{"type":"branch","line":57,"loc":{"start":{"line":57,"column":4},"end":{"line":57,"column":69}},"locations":[{"start":{"line":57,"column":4},"end":{"line":57,"column":69}}]}},"b":{"0":[3],"1":[3],"2":[13],"3":[12],"4":[1],"5":[5],"6":[4],"7":[2],"8":[2],"9":[3],"10":[2],"11":[1],"12":[1],"13":[1],"14":[1],"15":[1]},"fnMap":{"0":{"name":"<instance_members_initializer>","decl":{"start":{"line":13,"column":46},"end":{"line":50,"column":1}},"loc":{"start":{"line":13,"column":46},"end":{"line":50,"column":1}},"line":13},"1":{"name":"ConsoleLogger","decl":{"start":{"line":16,"column":4},"end":{"line":18,"column":5}},"loc":{"start":{"line":16,"column":4},"end":{"line":18,"column":5}},"line":16},"2":{"name":"format","decl":{"start":{"line":20,"column":12},"end":{"line":29,"column":5}},"loc":{"start":{"line":20,"column":12},"end":{"line":29,"column":5}},"line":20},"3":{"name":"debug","decl":{"start":{"line":31,"column":4},"end":{"line":33,"column":5}},"loc":{"start":{"line":31,"column":4},"end":{"line":33,"column":5}},"line":31},"4":{"name":"info","decl":{"start":{"line":35,"column":4},"end":{"line":37,"column":5}},"loc":{"start":{"line":35,"column":4},"end":{"line":37,"column":5}},"line":35},"5":{"name":"warn","decl":{"start":{"line":39,"column":4},"end":{"line":41,"column":5}},"loc":{"start":{"line":39,"column":4},"end":{"line":41,"column":5}},"line":39},"6":{"name":"error","decl":{"start":{"line":43,"column":4},"end":{"line":49,"column":5}},"loc":{"start":{"line":43,"column":4},"end":{"line":49,"column":5}},"line":43},"7":{"name":"debug","decl":{"start":{"line":54,"column":4},"end":{"line":54,"column":69}},"loc":{"start":{"line":54,"column":4},"end":{"line":54,"column":69}},"line":54},"8":{"name":"info","decl":{"start":{"line":55,"column":4},"end":{"line":55,"column":68}},"loc":{"start":{"line":55,"column":4},"end":{"line":55,"column":68}},"line":55},"9":{"name":"warn","decl":{"start":{"line":56,"column":4},"end":{"line":56,"column":68}},"loc":{"start":{"line":56,"column":4},"end":{"line":56,"column":68}},"line":56},"10":{"name":"error","decl":{"start":{"line":57,"column":4},"end":{"line":57,"column":69}},"loc":{"start":{"line":57,"column":4},"end":{"line":57,"column":69}},"line":57}},"f":{"0":3,"1":3,"2":13,"3":5,"4":4,"5":2,"6":2,"7":1,"8":1,"9":1,"10":1}}
,"C:\\Users\\Natz\\Downloads\\sc\\natzApi\\files\\queue\\src\\utils\\sleep.ts": {"path":"C:\\Users\\Natz\\Downloads\\sc\\natzApi\\files\\queue\\src\\utils\\sleep.ts","all":false,"statementMap":{"4":{"start":{"line":5,"column":0},"end":{"line":5,"column":50}},"5":{"start":{"line":6,"column":0},"end":{"line":6,"column":67}},"6":{"start":{"line":7,"column":0},"end":{"line":7,"column":1}}},"s":{"4":1,"5":2,"6":2},"branchMap":{"0":{"type":"branch","line":5,"loc":{"start":{"line":5,"column":7},"end":{"line":7,"column":1}},"locations":[{"start":{"line":5,"column":7},"end":{"line":7,"column":1}}]},"1":{"type":"branch","line":6,"loc":{"start":{"line":6,"column":29},"end":{"line":6,"column":65}},"locations":[{"start":{"line":6,"column":29},"end":{"line":6,"column":65}}]}},"b":{"0":[2],"1":[2]},"fnMap":{"0":{"name":"sleep","decl":{"start":{"line":5,"column":7},"end":{"line":7,"column":1}},"loc":{"start":{"line":5,"column":7},"end":{"line":7,"column":1}},"line":5}},"f":{"0":2}}
}
